"../../../../../../Users/User/Desktop/SAE Qantm/Trimester 3/GPG210/19T1_GamesStudio1_Team1/Content/NewInterface.uasset" 0
"../../../../../../Users/User/Desktop/SAE Qantm/Trimester 3/GPG210/19T1_GamesStudio1_Team1/Content/Whisper.uasset" 1
"../../../../../../Users/User/Desktop/SAE Qantm/Trimester 3/GPG210/19T1_GamesStudio1_Team1/Content/Audio/Button_Click.uasset" 2
"../../../../../../Users/User/Desktop/SAE Qantm/Trimester 3/GPG210/19T1_GamesStudio1_Team1/Content/Audio/MouseClick.uasset" 3
"../../../../../../Users/User/Desktop/SAE Qantm/Trimester 3/GPG210/19T1_GamesStudio1_Team1/Content/Audio/Pick_Card.uasset" 4
"../../../../../../Users/User/Desktop/SAE Qantm/Trimester 3/GPG210/19T1_GamesStudio1_Team1/Content/Audio/Undead_new.uasset" 5
"../../../../../../Users/User/Desktop/SAE Qantm/Trimester 3/GPG210/19T1_GamesStudio1_Team1/Content/Audio/Undead_V2.uasset" 6
"../../../../../../Users/User/Desktop/SAE Qantm/Trimester 3/GPG210/19T1_GamesStudio1_Team1/Content/Audio/Undead_v3.uasset" 7
"../../../../../../Users/User/Desktop/SAE Qantm/Trimester 3/GPG210/19T1_GamesStudio1_Team1/Content/BluePrints/BP_AI_Controller.uasset" 8
"../../../Engine/Content/EditorBlueprintResources/StandardMacros.uasset" 9
"../../../../../../Users/User/Desktop/SAE Qantm/Trimester 3/GPG210/19T1_GamesStudio1_Team1/Content/PuzzleBP/Blueprints/PuzzleBlockGrid.uasset" 10
"../../../../../../Users/User/Desktop/SAE Qantm/Trimester 3/GPG210/19T1_GamesStudio1_Team1/Content/Puzzle/Meshes/BaseMaterial.uasset" 11
"../../../../../../Users/User/Desktop/SAE Qantm/Trimester 3/GPG210/19T1_GamesStudio1_Team1/Content/Puzzle/Meshes/BlueMaterial.uasset" 12
"../../../../../../Users/User/Desktop/SAE Qantm/Trimester 3/GPG210/19T1_GamesStudio1_Team1/Content/Puzzle/Meshes/OrangeMaterial.uasset" 13
"../../../Engine/Content/Functions/Engine_MaterialFunctions01/Opacity/CameraDepthFade.uasset" 14
"../../../Engine/Content/EngineMaterials/T_Default_Material_Grid_M.uasset" 15
"../../../Engine/Content/EngineMaterials/T_Default_Material_Grid_N.uasset" 16
"../../../Engine/Content/EngineMaterials/WorldGridMaterial.uasset" 17
"../../../../../../Users/User/Desktop/SAE Qantm/Trimester 3/GPG210/19T1_GamesStudio1_Team1/Content/Puzzle/Meshes/PuzzleCube.uasset" 18
"../../../../../../Users/User/Desktop/SAE Qantm/Trimester 3/GPG210/19T1_GamesStudio1_Team1/Content/PuzzleBP/Blueprints/PuzzleBlock.uasset" 19
"../../../../../../Users/User/Desktop/SAE Qantm/Trimester 3/GPG210/19T1_GamesStudio1_Team1/Content/BluePrints/PuzzlePlayerCharacter.uasset" 20
"../../../../../../Users/User/Desktop/SAE Qantm/Trimester 3/GPG210/19T1_GamesStudio1_Team1/Content/BluePrints/Cards/Conflict/ConflictEnum.uasset" 21
"../../../../../../Users/User/Desktop/SAE Qantm/Trimester 3/GPG210/19T1_GamesStudio1_Team1/Content/BluePrints/Cards/Movement/Card_Struct.uasset" 22
"../../../../../../Users/User/Desktop/SAE Qantm/Trimester 3/GPG210/19T1_GamesStudio1_Team1/Content/BluePrints/Cards/Movement/BP_MovementDeck.uasset" 23
"../../../../../../Users/User/Desktop/SAE Qantm/Trimester 3/GPG210/19T1_GamesStudio1_Team1/Content/BluePrints/Tiles/BP_TileMap.uasset" 24
"../../../../../../Users/User/Desktop/SAE Qantm/Trimester 3/GPG210/19T1_GamesStudio1_Team1/Content/BluePrints/Cards/Mystery/ActionEnum.uasset" 25
"../../../../../../Users/User/Desktop/SAE Qantm/Trimester 3/GPG210/19T1_GamesStudio1_Team1/Content/BluePrints/Player/PlayerHeroEnum.uasset" 26
"../../../../../../Users/User/Desktop/SAE Qantm/Trimester 3/GPG210/19T1_GamesStudio1_Team1/Content/BluePrints/BPI_MainInterface.uasset" 27
"../../../../../../Users/User/Desktop/SAE Qantm/Trimester 3/GPG210/19T1_GamesStudio1_Team1/Content/BluePrints/UI/BPW_GoblinAbility.uasset" 28
"../../../../../../Users/User/Desktop/SAE Qantm/Trimester 3/GPG210/19T1_GamesStudio1_Team1/Content/Geometry/Meshes/CubeMaterial.uasset" 29
"../../../../../../Users/User/Desktop/SAE Qantm/Trimester 3/GPG210/19T1_GamesStudio1_Team1/Content/Geometry/Meshes/1M_Cube.uasset" 30
"../../../../../../Users/User/Desktop/SAE Qantm/Trimester 3/GPG210/19T1_GamesStudio1_Team1/Content/Geometry/Meshes/1M_Cube_Chamfer.uasset" 31
"../../../../../../Users/User/Desktop/SAE Qantm/Trimester 3/GPG210/19T1_GamesStudio1_Team1/Content/Geometry/Meshes/TemplateFloor.uasset" 32
"../../../../../../Users/User/Desktop/SAE Qantm/Trimester 3/GPG210/19T1_GamesStudio1_Team1/Content/Images/Movement_1_Front.uasset" 33
"../../../../../../Users/User/Desktop/SAE Qantm/Trimester 3/GPG210/19T1_GamesStudio1_Team1/Content/Images/Movement_2.uasset" 34
"../../../../../../Users/User/Desktop/SAE Qantm/Trimester 3/GPG210/19T1_GamesStudio1_Team1/Content/Images/Movement_3.uasset" 35
"../../../../../../Users/User/Desktop/SAE Qantm/Trimester 3/GPG210/19T1_GamesStudio1_Team1/Content/Images/Movement_4_Front.uasset" 36
"../../../../../../Users/User/Desktop/SAE Qantm/Trimester 3/GPG210/19T1_GamesStudio1_Team1/Content/Images/Movement_5_Front.uasset" 37
"../../../../../../Users/User/Desktop/SAE Qantm/Trimester 3/GPG210/19T1_GamesStudio1_Team1/Content/Images/Movement_6_Front.uasset" 38
"../../../../../../Users/User/Desktop/SAE Qantm/Trimester 3/GPG210/19T1_GamesStudio1_Team1/Content/Images/Buttons/back_button.uasset" 39
"../../../../../../Users/User/Desktop/SAE Qantm/Trimester 3/GPG210/19T1_GamesStudio1_Team1/Content/Images/Buttons/Hero_Buttons/ButtonMage.uasset" 40
"../../../../../../Users/User/Desktop/SAE Qantm/Trimester 3/GPG210/19T1_GamesStudio1_Team1/Content/StarterContent/Materials/M_Basic_Wall.uasset" 41
"../../../../../../Users/User/Desktop/SAE Qantm/Trimester 3/GPG210/19T1_GamesStudio1_Team1/Content/StarterContent/Architecture/Pillar_50x500.uasset" 42
"../../../../../../Users/User/Desktop/SAE Qantm/Trimester 3/GPG210/19T1_GamesStudio1_Team1/Content/StarterContent/Architecture/Wall_400x300.uasset" 43
"../../../../../../Users/User/Desktop/SAE Qantm/Trimester 3/GPG210/19T1_GamesStudio1_Team1/Content/StarterContent/Architecture/Wall_400x400.uasset" 44
"../../../../../../Users/User/Desktop/SAE Qantm/Trimester 3/GPG210/19T1_GamesStudio1_Team1/Content/StarterContent/Architecture/Wall_500x500.uasset" 45
"../../../../../../Users/User/Desktop/SAE Qantm/Trimester 3/GPG210/19T1_GamesStudio1_Team1/Content/StarterContent/Architecture/Wall_Door_400x400.uasset" 46
"../../../../../../Users/User/Desktop/SAE Qantm/Trimester 3/GPG210/19T1_GamesStudio1_Team1/Content/StarterContent/Architecture/Wall_Window_400x400.uasset" 47
"../../../../../../Users/User/Desktop/SAE Qantm/Trimester 3/GPG210/19T1_GamesStudio1_Team1/Content/StarterContent/Audio/Collapse01.uasset" 48
"../../../../../../Users/User/Desktop/SAE Qantm/Trimester 3/GPG210/19T1_GamesStudio1_Team1/Content/StarterContent/Audio/Collapse02.uasset" 49
"../../../../../../Users/User/Desktop/SAE Qantm/Trimester 3/GPG210/19T1_GamesStudio1_Team1/Content/StarterContent/Audio/Explosion01.uasset" 50
"../../../../../../Users/User/Desktop/SAE Qantm/Trimester 3/GPG210/19T1_GamesStudio1_Team1/Content/StarterContent/Audio/Explosion02.uasset" 51
"../../../../../../Users/User/Desktop/SAE Qantm/Trimester 3/GPG210/19T1_GamesStudio1_Team1/Content/StarterContent/Audio/Fire01.uasset" 52
"../../../../../../Users/User/Desktop/SAE Qantm/Trimester 3/GPG210/19T1_GamesStudio1_Team1/Content/StarterContent/Audio/Fire_Sparks01.uasset" 53
"../../../../../../Users/User/Desktop/SAE Qantm/Trimester 3/GPG210/19T1_GamesStudio1_Team1/Content/StarterContent/Audio/Light01.uasset" 54
"../../../../../../Users/User/Desktop/SAE Qantm/Trimester 3/GPG210/19T1_GamesStudio1_Team1/Content/StarterContent/Audio/Light01_Cue.uasset" 55
"../../../../../../Users/User/Desktop/SAE Qantm/Trimester 3/GPG210/19T1_GamesStudio1_Team1/Content/StarterContent/Audio/Light02.uasset" 56
"../../../../../../Users/User/Desktop/SAE Qantm/Trimester 3/GPG210/19T1_GamesStudio1_Team1/Content/StarterContent/Audio/Light02_Cue.uasset" 57
"../../../../../../Users/User/Desktop/SAE Qantm/Trimester 3/GPG210/19T1_GamesStudio1_Team1/Content/StarterContent/Audio/Smoke01.uasset" 58
"../../../../../../Users/User/Desktop/SAE Qantm/Trimester 3/GPG210/19T1_GamesStudio1_Team1/Content/StarterContent/Audio/Starter_Birds01.uasset" 59
"../../../../../../Users/User/Desktop/SAE Qantm/Trimester 3/GPG210/19T1_GamesStudio1_Team1/Content/StarterContent/Audio/Starter_Music01.uasset" 60
"../../../../../../Users/User/Desktop/SAE Qantm/Trimester 3/GPG210/19T1_GamesStudio1_Team1/Content/StarterContent/Audio/Starter_Wind05.uasset" 61
"../../../../../../Users/User/Desktop/SAE Qantm/Trimester 3/GPG210/19T1_GamesStudio1_Team1/Content/StarterContent/Audio/Starter_Wind06.uasset" 62
"../../../../../../Users/User/Desktop/SAE Qantm/Trimester 3/GPG210/19T1_GamesStudio1_Team1/Content/StarterContent/Audio/Steam01.uasset" 63
"../../../../../../Users/User/Desktop/SAE Qantm/Trimester 3/GPG210/19T1_GamesStudio1_Team1/Content/StarterContent/Audio/Explosion_Cue.uasset" 64
"../../../../../../Users/User/Desktop/SAE Qantm/Trimester 3/GPG210/19T1_GamesStudio1_Team1/Content/StarterContent/Textures/T_Burst_M.uasset" 65
"../../../../../../Users/User/Desktop/SAE Qantm/Trimester 3/GPG210/19T1_GamesStudio1_Team1/Content/StarterContent/Particles/Materials/M_Burst.uasset" 66
"../../../../../../Users/User/Desktop/SAE Qantm/Trimester 3/GPG210/19T1_GamesStudio1_Team1/Content/StarterContent/Textures/T_Explosion_SubUV.uasset" 67
"../../../../../../Users/User/Desktop/SAE Qantm/Trimester 3/GPG210/19T1_GamesStudio1_Team1/Content/StarterContent/Particles/Materials/M_explosion_subUV.uasset" 68
"../../../../../../Users/User/Desktop/SAE Qantm/Trimester 3/GPG210/19T1_GamesStudio1_Team1/Content/StarterContent/Particles/Materials/m_flare_01.uasset" 69
"../../../Engine/Content/Functions/Engine_MaterialFunctions01/Gradient/RadialGradient.uasset" 70
"../../../../../../Users/User/Desktop/SAE Qantm/Trimester 3/GPG210/19T1_GamesStudio1_Team1/Content/StarterContent/Particles/Materials/M_radial_ramp.uasset" 71
"../../../../../../Users/User/Desktop/SAE Qantm/Trimester 3/GPG210/19T1_GamesStudio1_Team1/Content/StarterContent/Textures/T_Smoke_SubUV.uasset" 72
"../../../../../../Users/User/Desktop/SAE Qantm/Trimester 3/GPG210/19T1_GamesStudio1_Team1/Content/StarterContent/Textures/T_Smoke_Tiled_D.uasset" 73
"../../../../../../Users/User/Desktop/SAE Qantm/Trimester 3/GPG210/19T1_GamesStudio1_Team1/Content/StarterContent/Particles/Materials/M_smoke_subUV.uasset" 74
"../../../../../../Users/User/Desktop/SAE Qantm/Trimester 3/GPG210/19T1_GamesStudio1_Team1/Content/StarterContent/Particles/P_Explosion.uasset" 75
"../../../../../../Users/User/Desktop/SAE Qantm/Trimester 3/GPG210/19T1_GamesStudio1_Team1/Content/StarterContent/Blueprints/Blueprint_Effect_Explosion.uasset" 76
"../../../Engine/Content/EditorMeshes/ColorCalibrator/T_ColorGrid.uasset" 77
"../../../../../../Users/User/Desktop/SAE Qantm/Trimester 3/GPG210/19T1_GamesStudio1_Team1/Content/StarterContent/Materials/M_ColorGrid_LowSpec.uasset" 78
"../../../../../../Users/User/Desktop/SAE Qantm/Trimester 3/GPG210/19T1_GamesStudio1_Team1/Content/StarterContent/Textures/T_Bush_D.uasset" 79
"../../../../../../Users/User/Desktop/SAE Qantm/Trimester 3/GPG210/19T1_GamesStudio1_Team1/Content/StarterContent/Textures/T_Bush_N.uasset" 80
"../../../../../../Users/User/Desktop/SAE Qantm/Trimester 3/GPG210/19T1_GamesStudio1_Team1/Content/StarterContent/Props/Materials/M_Bush.uasset" 81
"../../../../../../Users/User/Desktop/SAE Qantm/Trimester 3/GPG210/19T1_GamesStudio1_Team1/Content/StarterContent/Props/SM_Bush.uasset" 82
"../../../../../../Users/User/Desktop/SAE Qantm/Trimester 3/GPG210/19T1_GamesStudio1_Team1/Content/StarterContent/Textures/T_Chair_M.uasset" 83
"../../../../../../Users/User/Desktop/SAE Qantm/Trimester 3/GPG210/19T1_GamesStudio1_Team1/Content/StarterContent/Textures/T_Chair_N.uasset" 84
"../../../../../../Users/User/Desktop/SAE Qantm/Trimester 3/GPG210/19T1_GamesStudio1_Team1/Content/StarterContent/Props/Materials/M_Chair.uasset" 85
"../../../../../../Users/User/Desktop/SAE Qantm/Trimester 3/GPG210/19T1_GamesStudio1_Team1/Content/StarterContent/Props/SM_Couch.uasset" 86
"../../../../../../Users/User/Desktop/SAE Qantm/Trimester 3/GPG210/19T1_GamesStudio1_Team1/Content/StarterContent/Materials/M_Glass.uasset" 87
"../../../../../../Users/User/Desktop/SAE Qantm/Trimester 3/GPG210/19T1_GamesStudio1_Team1/Content/StarterContent/Textures/T_Door_M.uasset" 88
"../../../../../../Users/User/Desktop/SAE Qantm/Trimester 3/GPG210/19T1_GamesStudio1_Team1/Content/StarterContent/Textures/T_Door_N.uasset" 89
"../../../../../../Users/User/Desktop/SAE Qantm/Trimester 3/GPG210/19T1_GamesStudio1_Team1/Content/StarterContent/Props/Materials/M_Door.uasset" 90
"../../../../../../Users/User/Desktop/SAE Qantm/Trimester 3/GPG210/19T1_GamesStudio1_Team1/Content/StarterContent/Props/SM_Door.uasset" 91
"../../../../../../Users/User/Desktop/SAE Qantm/Trimester 3/GPG210/19T1_GamesStudio1_Team1/Content/StarterContent/Props/Materials/M_MaterialSphere.uasset" 92
"../../../../../../Users/User/Desktop/SAE Qantm/Trimester 3/GPG210/19T1_GamesStudio1_Team1/Content/StarterContent/Props/Materials/M_MaterialSphere_Plain.uasset" 93
"../../../../../../Users/User/Desktop/SAE Qantm/Trimester 3/GPG210/19T1_GamesStudio1_Team1/Content/StarterContent/Props/SM_MatPreviewMesh_02.uasset" 94
"../../../Engine/Content/Functions/Engine_MaterialFunctions02/Utility/BlendAngleCorrectedNormals.uasset" 95
"../../../../../../Users/User/Desktop/SAE Qantm/Trimester 3/GPG210/19T1_GamesStudio1_Team1/Content/StarterContent/Textures/T_Detail_Rocky_N.uasset" 96
"../../../../../../Users/User/Desktop/SAE Qantm/Trimester 3/GPG210/19T1_GamesStudio1_Team1/Content/StarterContent/Textures/T_Rock_Basalt_D.uasset" 97
"../../../../../../Users/User/Desktop/SAE Qantm/Trimester 3/GPG210/19T1_GamesStudio1_Team1/Content/StarterContent/Textures/T_RockMesh_M.uasset" 98
"../../../../../../Users/User/Desktop/SAE Qantm/Trimester 3/GPG210/19T1_GamesStudio1_Team1/Content/StarterContent/Textures/T_RockMesh_N.uasset" 99
"../../../../../../Users/User/Desktop/SAE Qantm/Trimester 3/GPG210/19T1_GamesStudio1_Team1/Content/StarterContent/Props/Materials/M_Rock.uasset" 100
"../../../../../../Users/User/Desktop/SAE Qantm/Trimester 3/GPG210/19T1_GamesStudio1_Team1/Content/StarterContent/Props/SM_Rock.uasset" 101
"../../../../../../Users/User/Desktop/SAE Qantm/Trimester 3/GPG210/19T1_GamesStudio1_Team1/Content/StarterContent/Textures/T_Shelf_M.uasset" 102
"../../../../../../Users/User/Desktop/SAE Qantm/Trimester 3/GPG210/19T1_GamesStudio1_Team1/Content/StarterContent/Textures/T_Shelf_N.uasset" 103
"../../../../../../Users/User/Desktop/SAE Qantm/Trimester 3/GPG210/19T1_GamesStudio1_Team1/Content/StarterContent/Props/Materials/M_Shelf.uasset" 104
"../../../../../../Users/User/Desktop/SAE Qantm/Trimester 3/GPG210/19T1_GamesStudio1_Team1/Content/StarterContent/Props/SM_Shelf.uasset" 105
"../../../../../../Users/User/Desktop/SAE Qantm/Trimester 3/GPG210/19T1_GamesStudio1_Team1/Content/StarterContent/Materials/M_Basic_Floor.uasset" 106
"../../../../../../Users/User/Desktop/SAE Qantm/Trimester 3/GPG210/19T1_GamesStudio1_Team1/Content/StarterContent/Props/SM_Stairs.uasset" 107
"../../../../../../Users/User/Desktop/SAE Qantm/Trimester 3/GPG210/19T1_GamesStudio1_Team1/Content/StarterContent/Shapes/Shape_Cone.uasset" 108
"../../../../../../Users/User/Desktop/SAE Qantm/Trimester 3/GPG210/19T1_GamesStudio1_Team1/Content/StarterContent/Shapes/Shape_Cylinder.uasset" 109
"../../../../../../Users/User/Desktop/SAE Qantm/Trimester 3/GPG210/19T1_GamesStudio1_Team1/Content/StarterContent/Shapes/Shape_NarrowCapsule.uasset" 110
"../../../../../../Users/User/Desktop/SAE Qantm/Trimester 3/GPG210/19T1_GamesStudio1_Team1/Content/StarterContent/Shapes/Shape_Pipe.uasset" 111
"../../../../../../Users/User/Desktop/SAE Qantm/Trimester 3/GPG210/19T1_GamesStudio1_Team1/Content/StarterContent/Shapes/Shape_Pipe_180.uasset" 112
"../../../../../../Users/User/Desktop/SAE Qantm/Trimester 3/GPG210/19T1_GamesStudio1_Team1/Content/StarterContent/Shapes/Shape_Pipe_90.uasset" 113
"../../../../../../Users/User/Desktop/SAE Qantm/Trimester 3/GPG210/19T1_GamesStudio1_Team1/Content/StarterContent/Shapes/Shape_Plane.uasset" 114
"../../../../../../Users/User/Desktop/SAE Qantm/Trimester 3/GPG210/19T1_GamesStudio1_Team1/Content/StarterContent/Shapes/Shape_Torus.uasset" 115
"../../../../../../Users/User/Desktop/SAE Qantm/Trimester 3/GPG210/19T1_GamesStudio1_Team1/Content/StarterContent/Shapes/Shape_Trim.uasset" 116
"../../../../../../Users/User/Desktop/SAE Qantm/Trimester 3/GPG210/19T1_GamesStudio1_Team1/Content/StarterContent/Shapes/Shape_Trim_90_In.uasset" 117
"../../../../../../Users/User/Desktop/SAE Qantm/Trimester 3/GPG210/19T1_GamesStudio1_Team1/Content/StarterContent/Shapes/Shape_Trim_90_Out.uasset" 118
"../../../../../../Users/User/Desktop/SAE Qantm/Trimester 3/GPG210/19T1_GamesStudio1_Team1/Content/StarterContent/Shapes/Shape_TriPyramid.uasset" 119
"../../../../../../Users/User/Desktop/SAE Qantm/Trimester 3/GPG210/19T1_GamesStudio1_Team1/Content/StarterContent/Shapes/Shape_Tube.uasset" 120
"../../../../../../Users/User/Desktop/SAE Qantm/Trimester 3/GPG210/19T1_GamesStudio1_Team1/Content/StarterContent/Shapes/Shape_Wedge_A.uasset" 121
"../../../../../../Users/User/Desktop/SAE Qantm/Trimester 3/GPG210/19T1_GamesStudio1_Team1/Content/StarterContent/Shapes/Shape_Wedge_B.uasset" 122
"../../../../../../Users/User/Desktop/SAE Qantm/Trimester 3/GPG210/19T1_GamesStudio1_Team1/Content/StarterContent/Shapes/Shape_WideCapsule.uasset" 123
"../../../Engine/Content/ArtTools/RenderToTexture/Meshes/S_1_Unit_Plane.uasset" 124
"../../../Engine/Content/EngineMaterials/DefaultMaterial.uasset" 125
"../../../Engine/Content/BasicShapes/Cone.uasset" 126
"../../../Engine/Content/BasicShapes/Cylinder.uasset" 127
"../../../Engine/Content/BasicShapes/Sphere.uasset" 128
"../../../Engine/Content/EditorLandscapeResources/DataLayer.uasset" 129
"../../../Engine/Content/EditorMaterials/GizmoMaterial.uasset" 130
"../../../Engine/Content/EditorMaterials/MAT_Groups_Toggle.uasset" 131
"../../../Engine/Content/EditorMaterials/MAT_Groups_Visibility.uasset" 132
"../../../Engine/Content/EditorMaterials/PreviewShadowIndicator.uasset" 133
"../../../Engine/Content/EditorMaterials/PreviewShadowIndicatorMaterial.uasset" 134
"../../../Engine/Content/EditorMaterials/MatineeGroups/MAT_ColorTrack.uasset" 135
"../../../Engine/Content/EditorMaterials/MatineeGroups/MAT_Groups_Anim.uasset" 136
"../../../Engine/Content/EditorMaterials/MatineeGroups/MAT_Groups_AudioMaster.uasset" 137
"../../../Engine/Content/EditorMaterials/MatineeGroups/MAT_Groups_Director.uasset" 138
"../../../Engine/Content/EditorMaterials/MatineeGroups/MAT_Groups_Event.uasset" 139
"../../../Engine/Content/EditorMaterials/MatineeGroups/MAT_Groups_Fade.uasset" 140
"../../../Engine/Content/EditorMaterials/MatineeGroups/MAT_Groups_Float.uasset" 141
"../../../Engine/Content/EditorMaterials/MatineeGroups/MAT_Groups_Move.uasset" 142
"../../../Engine/Content/EditorMaterials/MatineeGroups/MAT_Groups_Slomo.uasset" 143
"../../../Engine/Content/EditorMaterials/MatineeGroups/MAT_Groups_Sound.uasset" 144
"../../../Engine/Content/EditorMaterials/MatineeGroups/MAT_Groups_Vector.uasset" 145
"../../../Engine/Content/EditorMaterials/ParticleSystems/PSysThumbnail_NoImage.uasset" 146
"../../../Engine/Content/EditorMaterials/ParticleSystems/PSysThumbnail_OOD.uasset" 147
"../../../Engine/Content/EditorMaterials/Camera/CineMat.uasset" 148
"../../../Engine/Content/EditorMaterials/Camera/MI_CineMat_Rig.uasset" 149
"../../../Engine/Content/EditorMeshes/Camera/SM_CraneRig_Arm.uasset" 150
"../../../Engine/Content/EditorMeshes/Camera/SM_CraneRig_Base.uasset" 151
"../../../Engine/Content/EditorMeshes/Camera/SM_CraneRig_Body.uasset" 152
"../../../Engine/Content/EditorMeshes/Camera/SM_CraneRig_Mount.uasset" 153
"../../../Engine/Content/EditorMeshes/Camera/SM_RailRig_Mount.uasset" 154
"../../../Engine/Content/EditorMeshes/Camera/SM_RailRig_Track.uasset" 155
"../../../Engine/Content/EditorResources/BSPVertex.uasset" 156
"../../../Engine/Content/EditorResources/EmptyActor.uasset" 157
"../../../Engine/Content/EditorResources/S_Actor.uasset" 158
"../../../Engine/Content/EditorResources/S_Trigger.uasset" 159
"../../../Engine/Content/EditorResources/AudioIcons/S_AudioComponent.uasset" 160
"../../../Engine/Content/EditorResources/AudioIcons/S_AudioComponent_AutoActivate.uasset" 161
"../../../Engine/Content/EditorResources/LightIcons/S_LightError.uasset" 162
"../../../Engine/Content/EditorResources/SequenceRecorder/Countdown.uasset" 163
"../../../Engine/Content/EditorResources/SequenceRecorder/RecordingIndicator.uasset" 164
"../../../Engine/Content/EditorSounds/Notifications/CompileFailed.uasset" 165
"../../../Engine/Content/EditorSounds/Notifications/CompileFailed_Cue.uasset" 166
"../../../Engine/Content/EditorSounds/Notifications/CompileSuccess.uasset" 167
"../../../Engine/Content/EditorSounds/Notifications/CompileStart_Cue.uasset" 168
"../../../Engine/Content/EditorSounds/Notifications/CompileSuccess_Cue.uasset" 169
"../../../Engine/Content/EngineDamageTypes/DmgTypeBP_Environmental.uasset" 170
"../../../Engine/Content/EngineDebugMaterials/HeatmapGradient.uasset" 171
"../../../Engine/Content/EngineDebugMaterials/BoneWeightMaterial.uasset" 172
"../../../Engine/Content/EngineDebugMaterials/ClothMaterial.uasset" 173
"../../../Engine/Content/EngineDebugMaterials/ClothMaterial_WF.uasset" 174
"../../../Engine/Content/EngineDebugMaterials/DebugEditorMaterial.uasset" 175
"../../../Engine/Content/EngineDebugMaterials/DebugMeshMaterial.uasset" 176
"../../../Engine/Content/EngineDebugMaterials/GeomMaterial.uasset" 177
"../../../Engine/Content/EngineDebugMaterials/M_SimpleTranslucent.uasset" 178
"../../../Engine/Content/EngineFonts/Faces/RobotoBold.uasset" 179
"../../../Engine/Content/EngineFonts/Faces/RobotoBoldItalic.uasset" 180
"../../../Engine/Content/EngineFonts/Faces/RobotoItalic.uasset" 181
"../../../Engine/Content/EngineFonts/Faces/RobotoLight.uasset" 182
"../../../Engine/Content/EngineFonts/Faces/RobotoRegular.uasset" 183
"../../../Engine/Content/EngineFonts/Roboto.uasset" 184
"../../../Engine/Content/EngineFonts/Faces/RobotoTiny.uasset" 185
"../../../Engine/Content/EngineFonts/RobotoTiny.uasset" 186
"../../../Engine/Content/EngineMaterials/BaseFlattenDiffuseMap.uasset" 187
"../../../Engine/Content/EngineMaterials/BaseFlattenEmissiveMap.uasset" 188
"../../../Engine/Content/EngineMaterials/BaseFlattenGrayscaleMap.uasset" 189
"../../../Engine/Content/EngineMaterials/BaseFlattenNormalMap.uasset" 190
"../../../Engine/Content/EngineMaterials/BaseFlattenMaterial.uasset" 191
"../../../Engine/Content/EngineMaterials/DefaultBloomKernel.uasset" 192
"../../../Engine/Content/EngineMaterials/DefaultBokeh.uasset" 193
"../../../Engine/Content/EngineMaterials/DefaultDiffuse.uasset" 194
"../../../Engine/Content/EngineMaterials/DefaultDeferredDecalMaterial.uasset" 195
"../../../Engine/Content/EngineMaterials/DefaultLightFunctionMaterial.uasset" 196
"../../../Engine/Content/EngineMaterials/DefaultPhysicalMaterial.uasset" 197
"../../../Engine/Content/Functions/Engine_MaterialFunctions02/Utility/BreakOutFloat2Components.uasset" 198
"../../../Engine/Content/EngineMaterials/DefaultPostProcessMaterial.uasset" 199
"../../../Engine/Content/EngineFonts/RobotoDistanceField.uasset" 200
"../../../Engine/Content/EngineMaterials/DefaultTextMaterialOpaque.uasset" 201
"../../../Engine/Content/EngineMaterials/DefaultWhiteGrid.uasset" 202
"../../../Engine/Content/EngineMaterials/EditorBrushMaterial.uasset" 203
"../../../Engine/Content/EngineMaterials/Good64x64TilingNoiseHighFreq.uasset" 204
"../../../Engine/Content/EngineMaterials/MiniFont.uasset" 205
"../../../Engine/Content/EngineMaterials/InvalidLightmapSettings.uasset" 206
"../../../Engine/Content/EngineMaterials/M_InvalidLightmapSettings.uasset" 207
"../../../Engine/Content/Functions/Engine_MaterialFunctions02/WorldPositionOffset/CameraOffset.uasset" 208
"../../../Engine/Content/EngineMaterials/PhAT_JointLimitMaterial.uasset" 209
"../../../Engine/Content/EngineMaterials/PreintegratedSkinBRDF.uasset" 210
"../../../Engine/Content/EngineMaterials/RemoveSurfaceMaterial.uasset" 211
"../../../Engine/Content/EngineMaterials/WeightMapPlaceholderTexture.uasset" 212
"../../../Engine/Content/EngineResources/WhiteSquareTexture.uasset" 213
"../../../Engine/Content/EngineMaterials/Widget3DPassThrough.uasset" 214
"../../../Engine/Content/EngineMaterials/Widget3DPassThrough_Masked.uasset" 215
"../../../Engine/Content/EngineMaterials/Widget3DPassThrough_Opaque.uasset" 216
"../../../Engine/Content/EngineMaterials/Widget3DPassThrough_Masked_OneSided.uasset" 217
"../../../Engine/Content/EngineMaterials/Widget3DPassThrough_Opaque_OneSided.uasset" 218
"../../../Engine/Content/EngineMaterials/Widget3DPassThrough_Translucent.uasset" 219
"../../../Engine/Content/EngineMaterials/Widget3DPassThrough_Translucent_OneSided.uasset" 220
"../../../Engine/Content/EngineMeshes/Cylinder.uasset" 221
"../../../Engine/Content/EngineMeshes/Sphere.uasset" 222
"../../../Engine/Content/EngineResources/Black.uasset" 223
"../../../Engine/Content/EngineResources/DefaultTexture.uasset" 224
"../../../Engine/Content/EngineResources/DefaultTextureCube.uasset" 225
"../../../Engine/Content/EngineResources/DefaultVolumeTexture2D.uasset" 226
"../../../Engine/Content/EngineResources/DefaultVolumeTexture.uasset" 227
"../../../Engine/Content/EngineResources/GradientTexture0.uasset" 228
"../../../Engine/Content/EngineSounds/Master.uasset" 229
"../../../Engine/Content/Functions/Engine_MaterialFunctions01/Shading/ConvertFromDiffSpec.uasset" 230
"../../../Engine/Content/Functions/Engine_MaterialFunctions01/Shading/PowerToRoughness.uasset" 231
"../../../Engine/Content/Maps/Templates/Thumbnails/Default.uasset" 232
"../../../Engine/Content/Maps/Templates/Thumbnails/VR-Basic.uasset" 233
"../../../Engine/Content/MobileResources/T_MobileControls_texture.uasset" 234
"../../../Engine/Content/MobileResources/T_MobileMenu2.uasset" 235
"../../../Engine/Content/MobileResources/HUD/AnalogHat.uasset" 236
"../../../Engine/Content/MobileResources/HUD/VirtualJoystick_Background.uasset" 237
"../../../Engine/Content/MobileResources/HUD/VirtualJoystick_Thumb.uasset" 238
"../../../Engine/Content/MobileResources/HUD/DefaultVirtualJoysticks.uasset" 239
"../../../Engine/Content/MobileResources/HUD/LeftVirtualJoystickOnly.uasset" 240
"../../../Engine/Content/MobileResources/HUD/MobileHUDButton1_off.uasset" 241
"../../../Engine/Content/MobileResources/HUD/MobileHUDButton1_on.uasset" 242
"../../../Engine/Content/MobileResources/HUD/MobileHUDButton2_off.uasset" 243
"../../../Engine/Content/MobileResources/HUD/MobileHUDButton2_on.uasset" 244
"../../../Engine/Content/MobileResources/HUD/MobileHUDButton3.uasset" 245
"../../../Engine/Content/MobileResources/HUD/MobileHUDButtonFire.uasset" 246
"../../../Engine/Content/MobileResources/HUD/MobileHUDDirectionPad.uasset" 247
"../../../Engine/Content/MobileResources/HUD/MobileHUDDirectionPad2.uasset" 248
"../../../Engine/Content/MobileResources/HUD/MobileHUDDirectionPad3.uasset" 249
"../../../Engine/Content/MobileResources/HUD/MobileHUDDirectionStick.uasset" 250
"../../../Engine/Content/MobileResources/HUD/T_Castle_ThumbstickInner.uasset" 251
"../../../Engine/Content/MobileResources/HUD/T_Castle_ThumbstickOutter.uasset" 252
"../../../Engine/Content/Tutorial/ContentIntroCurve.uasset" 253
"../../../Engine/Content/Tutorial/Basics/TutorialAssets/icon_tab_Levels_40x.uasset" 254
"../../../Engine/Content/Tutorial/BlueprintTutorials/TutorialAssets/Blueprint_64x.uasset" 255
"../../../Engine/Content/VREditor/LaserPointer/VR_LaserPower_01.uasset" 256
"../../../Engine/Content/VREditor/TransformGizmo/TransformGizmoMaterial.uasset" 257
"../../../Engine/Content/VREditor/TransformGizmo/TranslucentTransformGizmoMaterial.uasset" 258
"../../../Engine/Content/VREditor/TransformGizmo/BoundingBoxCorner.uasset" 259
"../../../Engine/Content/VREditor/TransformGizmo/BoundingBoxEdge.uasset" 260
"../../../Engine/Content/VREditor/TransformGizmo/PlaneTranslationHandle.uasset" 261
"../../../Engine/Content/VREditor/TransformGizmo/Main.uasset" 262
"../../../Engine/Content/VREditor/TransformGizmo/Xray.uasset" 263
"../../../Engine/Content/VREditor/TransformGizmo/SM_Sequencer_Key.uasset" 264
"../../../Engine/Content/VREditor/TransformGizmo/SM_Sequencer_Node.uasset" 265
"../../Plugins/2D/Paper2D/Content/PlaceholderTextures/DummySpriteTexture.uasset" 266
"../../Plugins/2D/Paper2D/Content/DummySprite.uasset" 267
"../../Plugins/2D/Paper2D/Content/DefaultPaperTerrainMaterial.uasset" 268
"../../Plugins/2D/Paper2D/Content/DefaultSpriteMaterial.uasset" 269
"../../Plugins/2D/Paper2D/Content/MaskedUnlitSpriteMaterial.uasset" 270
"../../Plugins/2D/Paper2D/Content/OpaqueUnlitSpriteMaterial.uasset" 271
"../../Plugins/Runtime/Oculus/OculusVR/Content/Materials/PokeAHoleMaterial.uasset" 272
"../../Plugins/Runtime/Oculus/OculusVR/Content/Textures/GearVRController_AO.uasset" 273
"../../Plugins/Runtime/Oculus/OculusVR/Content/Textures/GearVRController_Color.uasset" 274
"../../Plugins/Runtime/Oculus/OculusVR/Content/Textures/GearVRController_Normal.uasset" 275
"../../Plugins/Runtime/Oculus/OculusVR/Content/Materials/GearVRControllerMaterial.uasset" 276
"../../Plugins/Runtime/Oculus/OculusVR/Content/Meshes/GearVrController.uasset" 277
"../../Plugins/Runtime/Oculus/OculusVR/Content/Textures/touchController_albedo.uasset" 278
"../../Plugins/Runtime/Oculus/OculusVR/Content/Textures/touchController_controlmap.uasset" 279
"../../Plugins/Runtime/Oculus/OculusVR/Content/Materials/touchController_mat.uasset" 280
"../../Plugins/Runtime/Oculus/OculusVR/Content/Meshes/LeftTouchController.uasset" 281
"../../Plugins/Runtime/Oculus/OculusVR/Content/Meshes/RiftHMD.uasset" 282
"../../Plugins/Runtime/Oculus/OculusVR/Content/Meshes/RightTouchController.uasset" 283
"../../../../../../Users/User/Desktop/SAE Qantm/Trimester 3/GPG210/19T1_GamesStudio1_Team1/Content/Audio/Nighmare_GameMenu.uasset" 284
"../../../../../../Users/User/Desktop/SAE Qantm/Trimester 3/GPG210/19T1_GamesStudio1_Team1/Content/Audio/GameMusic.uasset" 285
"../../../../../../Users/User/Desktop/SAE Qantm/Trimester 3/GPG210/19T1_GamesStudio1_Team1/Content/Audio/FreeSoundOrg_MenuMusic_1.uasset" 286
"../../../../../../Users/User/Desktop/SAE Qantm/Trimester 3/GPG210/19T1_GamesStudio1_Team1/Content/Audio/MenuMusic.uasset" 287
"../../../../../../Users/User/Desktop/SAE Qantm/Trimester 3/GPG210/19T1_GamesStudio1_Team1/Content/BluePrints/BP_CameraDetector.uasset" 288
"../../../../../../Users/User/Desktop/SAE Qantm/Trimester 3/GPG210/19T1_GamesStudio1_Team1/Content/BluePrints/Cards/Movement/BP_moveSpawnPoint.uasset" 289
"../../../../../../Users/User/Desktop/SAE Qantm/Trimester 3/GPG210/19T1_GamesStudio1_Team1/Content/BluePrints/Player/BPI_PlayerMove.uasset" 290
"../../../../../../Users/User/Desktop/SAE Qantm/Trimester 3/GPG210/19T1_GamesStudio1_Team1/Content/BluePrints/Cards/Mystery/BPW_MysteryCardBack.uasset" 291
"../../../../../../Users/User/Desktop/SAE Qantm/Trimester 3/GPG210/19T1_GamesStudio1_Team1/Content/BluePrints/Cards/Mystery/BPW_MysteryCardInside.uasset" 292
"../../../../../../Users/User/Desktop/SAE Qantm/Trimester 3/GPG210/19T1_GamesStudio1_Team1/Content/BluePrints/Cards/Mystery/BP_MysteryCard.uasset" 293
"../../../../../../Users/User/Desktop/SAE Qantm/Trimester 3/GPG210/19T1_GamesStudio1_Team1/Content/BluePrints/Tiles/TileEnum.uasset" 294
"../../../../../../Users/User/Desktop/SAE Qantm/Trimester 3/GPG210/19T1_GamesStudio1_Team1/Content/BluePrints/Cards/BPI_CardManager.uasset" 295
"../../../../../../Users/User/Desktop/SAE Qantm/Trimester 3/GPG210/19T1_GamesStudio1_Team1/Content/Audio/Landing.uasset" 296
"../../../../../../Users/User/Desktop/SAE Qantm/Trimester 3/GPG210/19T1_GamesStudio1_Team1/Content/BluePrints/Tiles/BP_Tile.uasset" 297
"../../../../../../Users/User/Desktop/SAE Qantm/Trimester 3/GPG210/19T1_GamesStudio1_Team1/Content/Images/Conflict_Back.uasset" 298
"../../../../../../Users/User/Desktop/SAE Qantm/Trimester 3/GPG210/19T1_GamesStudio1_Team1/Content/Images/Mystery_Back.uasset" 299
"../../../../../../Users/User/Desktop/SAE Qantm/Trimester 3/GPG210/19T1_GamesStudio1_Team1/Content/BluePrints/Cards/Mystery/BPW_ActionCardBack.uasset" 300
"../../../../../../Users/User/Desktop/SAE Qantm/Trimester 3/GPG210/19T1_GamesStudio1_Team1/Content/Images/Conflict_Special_1_Front.uasset" 301
"../../../../../../Users/User/Desktop/SAE Qantm/Trimester 3/GPG210/19T1_GamesStudio1_Team1/Content/Images/Conflict_Special_2_Front.uasset" 302
"../../../../../../Users/User/Desktop/SAE Qantm/Trimester 3/GPG210/19T1_GamesStudio1_Team1/Content/Images/Devastating_Battle_Front.uasset" 303
"../../../../../../Users/User/Desktop/SAE Qantm/Trimester 3/GPG210/19T1_GamesStudio1_Team1/Content/Images/Double_Effect.uasset" 304
"../../../../../../Users/User/Desktop/SAE Qantm/Trimester 3/GPG210/19T1_GamesStudio1_Team1/Content/Images/Double_Time_Front.uasset" 305
"../../../../../../Users/User/Desktop/SAE Qantm/Trimester 3/GPG210/19T1_GamesStudio1_Team1/Content/Images/Fierce_Battle_Front.uasset" 306
"../../../../../../Users/User/Desktop/SAE Qantm/Trimester 3/GPG210/19T1_GamesStudio1_Team1/Content/Images/Immunity_Front.uasset" 307
"../../../../../../Users/User/Desktop/SAE Qantm/Trimester 3/GPG210/19T1_GamesStudio1_Team1/Content/Images/Juxtapose_Front.uasset" 308
"../../../../../../Users/User/Desktop/SAE Qantm/Trimester 3/GPG210/19T1_GamesStudio1_Team1/Content/Images/Trap_Front.uasset" 309
"../../../../../../Users/User/Desktop/SAE Qantm/Trimester 3/GPG210/19T1_GamesStudio1_Team1/Content/BluePrints/Cards/Mystery/BPW_ActionCardInside.uasset" 310
"../../../../../../Users/User/Desktop/SAE Qantm/Trimester 3/GPG210/19T1_GamesStudio1_Team1/Content/Audio/MouseClick_1.uasset" 311
"../../../../../../Users/User/Desktop/SAE Qantm/Trimester 3/GPG210/19T1_GamesStudio1_Team1/Content/BluePrints/Cards/Mystery/BP_ActionCard.uasset" 312
"../../../../../../Users/User/Desktop/SAE Qantm/Trimester 3/GPG210/19T1_GamesStudio1_Team1/Content/BluePrints/Cards/Mystery/BP_ActionSpawnPoint.uasset" 313
"../../../../../../Users/User/Desktop/SAE Qantm/Trimester 3/GPG210/19T1_GamesStudio1_Team1/Content/StarterContent/Textures/T_Brick_Clay_New_D.uasset" 314
"../../../../../../Users/User/Desktop/SAE Qantm/Trimester 3/GPG210/19T1_GamesStudio1_Team1/Content/StarterContent/Textures/T_Brick_Clay_New_M.uasset" 315
"../../../../../../Users/User/Desktop/SAE Qantm/Trimester 3/GPG210/19T1_GamesStudio1_Team1/Content/StarterContent/Textures/T_Brick_Clay_New_N.uasset" 316
"../../../../../../Users/User/Desktop/SAE Qantm/Trimester 3/GPG210/19T1_GamesStudio1_Team1/Content/StarterContent/Textures/T_MacroVariation.uasset" 317
"../../../../../../Users/User/Desktop/SAE Qantm/Trimester 3/GPG210/19T1_GamesStudio1_Team1/Content/StarterContent/Materials/M_Brick_Clay_New.uasset" 318
"../../../Engine/Content/BasicShapes/Plane.uasset" 319
"../../../../../../Users/User/Desktop/SAE Qantm/Trimester 3/GPG210/19T1_GamesStudio1_Team1/Content/BluePrints/Player/BP_Unused.uasset" 320
"../../../../../../Users/User/Desktop/SAE Qantm/Trimester 3/GPG210/19T1_GamesStudio1_Team1/Content/BluePrints/Cards/BP_EGO_CardManager.uasset" 321
"../../../../../../Users/User/Desktop/SAE Qantm/Trimester 3/GPG210/19T1_GamesStudio1_Team1/Content/BluePrints/Player/BP_PlayerStartPoint.uasset" 322
"../../../../../../Users/User/Desktop/SAE Qantm/Trimester 3/GPG210/19T1_GamesStudio1_Team1/Content/BluePrints/Cards/BP_EGO_LayoutLocation.uasset" 323
"../../../../../../Users/User/Desktop/SAE Qantm/Trimester 3/GPG210/19T1_GamesStudio1_Team1/Content/PuzzleBP/Blueprints/PuzzlePlayerController.uasset" 324
"../../../../../../Users/User/Desktop/SAE Qantm/Trimester 3/GPG210/19T1_GamesStudio1_Team1/Content/Images/Ability_token_Finished_to_Scale.uasset" 325
"../../../../../../Users/User/Desktop/SAE Qantm/Trimester 3/GPG210/19T1_GamesStudio1_Team1/Content/Images/Ability_token_off_to_Scale.uasset" 326
"../../../../../../Users/User/Desktop/SAE Qantm/Trimester 3/GPG210/19T1_GamesStudio1_Team1/Content/Images/Death_Scene.uasset" 327
"../../../../../../Users/User/Desktop/SAE Qantm/Trimester 3/GPG210/19T1_GamesStudio1_Team1/Content/Images/ExplosionTrapArt.uasset" 328
"../../../../../../Users/User/Desktop/SAE Qantm/Trimester 3/GPG210/19T1_GamesStudio1_Team1/Content/Images/FreezeTrapArt.uasset" 329
"../../../../../../Users/User/Desktop/SAE Qantm/Trimester 3/GPG210/19T1_GamesStudio1_Team1/Content/Images/game_over.uasset" 330
"../../../../../../Users/User/Desktop/SAE Qantm/Trimester 3/GPG210/19T1_GamesStudio1_Team1/Content/Images/Light_Gem_Ver2.uasset" 331
"../../../../../../Users/User/Desktop/SAE Qantm/Trimester 3/GPG210/19T1_GamesStudio1_Team1/Content/Images/Monster_Warning.uasset" 332
"../../../../../../Users/User/Desktop/SAE Qantm/Trimester 3/GPG210/19T1_GamesStudio1_Team1/Content/Images/UI_background.uasset" 333
"../../../../../../Users/User/Desktop/SAE Qantm/Trimester 3/GPG210/19T1_GamesStudio1_Team1/Content/BluePrints/UI/BPW_PlayerHUD.uasset" 334
"../../../../../../Users/User/Desktop/SAE Qantm/Trimester 3/GPG210/19T1_GamesStudio1_Team1/Content/Audio/DeathSound_Edited_Fix.uasset" 335
"../../../../../../Users/User/Desktop/SAE Qantm/Trimester 3/GPG210/19T1_GamesStudio1_Team1/Content/Audio/VictorySound_Trumpet-Clap__Edited_Fix.uasset" 336
"../../../../../../Users/User/Desktop/SAE Qantm/Trimester 3/GPG210/19T1_GamesStudio1_Team1/Content/BluePrints/PuzzleGameMode.uasset" 337
"../../../../../../Users/User/Desktop/SAE Qantm/Trimester 3/GPG210/19T1_GamesStudio1_Team1/Content/Images/MovementCards_V2/Movement_1.uasset" 338
"../../../../../../Users/User/Desktop/SAE Qantm/Trimester 3/GPG210/19T1_GamesStudio1_Team1/Content/Images/MovementCards_V2/Movement_2.uasset" 339
"../../../../../../Users/User/Desktop/SAE Qantm/Trimester 3/GPG210/19T1_GamesStudio1_Team1/Content/Images/MovementCards_V2/Movement_3.uasset" 340
"../../../../../../Users/User/Desktop/SAE Qantm/Trimester 3/GPG210/19T1_GamesStudio1_Team1/Content/Images/MovementCards_V2/Movement_4.uasset" 341
"../../../../../../Users/User/Desktop/SAE Qantm/Trimester 3/GPG210/19T1_GamesStudio1_Team1/Content/Images/MovementCards_V2/Movement_5.uasset" 342
"../../../../../../Users/User/Desktop/SAE Qantm/Trimester 3/GPG210/19T1_GamesStudio1_Team1/Content/Images/MovementCards_V2/Movement_6.uasset" 343
"../../../../../../Users/User/Desktop/SAE Qantm/Trimester 3/GPG210/19T1_GamesStudio1_Team1/Content/BluePrints/Cards/Movement/BPW_MovementCardInside.uasset" 344
"../../../../../../Users/User/Desktop/SAE Qantm/Trimester 3/GPG210/19T1_GamesStudio1_Team1/Content/Images/Movement_Back.uasset" 345
"../../../../../../Users/User/Desktop/SAE Qantm/Trimester 3/GPG210/19T1_GamesStudio1_Team1/Content/BluePrints/Cards/Movement/BPW_MovementCardBack.uasset" 346
"../../../../../../Users/User/Desktop/SAE Qantm/Trimester 3/GPG210/19T1_GamesStudio1_Team1/Content/BluePrints/Cards/Movement/BP_MovementCard_1.uasset" 347
"../../../../../../Users/User/Desktop/SAE Qantm/Trimester 3/GPG210/19T1_GamesStudio1_Team1/Content/Images/Card_holder.uasset" 348
"../../../../../../Users/User/Desktop/SAE Qantm/Trimester 3/GPG210/19T1_GamesStudio1_Team1/Content/Images/M_Card_Holder.uasset" 349
"../../../../../../Users/User/Desktop/SAE Qantm/Trimester 3/GPG210/19T1_GamesStudio1_Team1/Content/Images/M_CardHolderDIM.uasset" 350
"../../../Engine/Content/BasicShapes/Cube.uasset" 351
"../../../../../../Users/User/Desktop/SAE Qantm/Trimester 3/GPG210/19T1_GamesStudio1_Team1/Content/BluePrints/Player/BP_PlayerLayout.uasset" 352
"../../../../../../Users/User/Desktop/SAE Qantm/Trimester 3/GPG210/19T1_GamesStudio1_Team1/Content/StarterContent/Textures/T_Metal_Rust_D.uasset" 353
"../../../../../../Users/User/Desktop/SAE Qantm/Trimester 3/GPG210/19T1_GamesStudio1_Team1/Content/StarterContent/Textures/T_Metal_Rust_N.uasset" 354
"../../../../../../Users/User/Desktop/SAE Qantm/Trimester 3/GPG210/19T1_GamesStudio1_Team1/Content/StarterContent/Materials/M_Metal_Rust.uasset" 355
"../../../../../../Users/User/Desktop/SAE Qantm/Trimester 3/GPG210/19T1_GamesStudio1_Team1/Content/BluePrints/BP_TrapExplosion.uasset" 356
"../../../../../../Users/User/Desktop/SAE Qantm/Trimester 3/GPG210/19T1_GamesStudio1_Team1/Content/BluePrints/Dice/Dice_Material.uasset" 357
"../../../../../../Users/User/Desktop/SAE Qantm/Trimester 3/GPG210/19T1_GamesStudio1_Team1/Content/BluePrints/BP_TrapFreeze.uasset" 358
"../../../../../../Users/User/Desktop/SAE Qantm/Trimester 3/GPG210/19T1_GamesStudio1_Team1/Content/Audio/DiceRoll.uasset" 359
"../../../../../../Users/User/Desktop/SAE Qantm/Trimester 3/GPG210/19T1_GamesStudio1_Team1/Content/BluePrints/Dice/PM_Bounce.uasset" 360
"../../../../../../Users/User/Desktop/SAE Qantm/Trimester 3/GPG210/19T1_GamesStudio1_Team1/Content/BluePrints/Dice/Dots_Material.uasset" 361
"../../../Engine/Content/Functions/Engine_MaterialFunctions02/Utility/Swizzle.uasset" 362
"../../../../../../Users/User/Desktop/SAE Qantm/Trimester 3/GPG210/19T1_GamesStudio1_Team1/Content/Textures/T_DustnScratches_M.uasset" 363
"../../../../../../Users/User/Desktop/SAE Qantm/Trimester 3/GPG210/19T1_GamesStudio1_Team1/Content/Textures/T_DustnScratches_N.uasset" 364
"../../../../../../Users/User/Desktop/SAE Qantm/Trimester 3/GPG210/19T1_GamesStudio1_Team1/Content/Textures/T_Wood.uasset" 365
"../../../../../../Users/User/Desktop/SAE Qantm/Trimester 3/GPG210/19T1_GamesStudio1_Team1/Content/Textures/T_Wood_S.uasset" 366
"../../../../../../Users/User/Desktop/SAE Qantm/Trimester 3/GPG210/19T1_GamesStudio1_Team1/Content/Textures/T_WoodFloor_AO.uasset" 367
"../../../../../../Users/User/Desktop/SAE Qantm/Trimester 3/GPG210/19T1_GamesStudio1_Team1/Content/Textures/T_WoodFloor_N.uasset" 368
"../../../../../../Users/User/Desktop/SAE Qantm/Trimester 3/GPG210/19T1_GamesStudio1_Team1/Content/BluePrints/Dice/M_WoodFloor_MAT.uasset" 369
"../../../../../../Users/User/Desktop/SAE Qantm/Trimester 3/GPG210/19T1_GamesStudio1_Team1/Content/Mesh/Dice_Mesh.uasset" 370
"../../../../../../Users/User/Desktop/SAE Qantm/Trimester 3/GPG210/19T1_GamesStudio1_Team1/Content/Models/MyDice/Dice_v2_Texture_v2_2.uasset" 371
"../../../../../../Users/User/Desktop/SAE Qantm/Trimester 3/GPG210/19T1_GamesStudio1_Team1/Content/Models/MyDice/lambert1.uasset" 372
"../../../../../../Users/User/Desktop/SAE Qantm/Trimester 3/GPG210/19T1_GamesStudio1_Team1/Content/Models/MyDice/dice_v5.uasset" 373
"../../../../../../Users/User/Desktop/SAE Qantm/Trimester 3/GPG210/19T1_GamesStudio1_Team1/Content/BluePrints/Dice/BP_DiceActor.uasset" 374
"../../../Engine/Content/MapTemplates/Sky/DaylightAmbientCubemap.uasset" 375
"../../../../../../Users/User/Desktop/SAE Qantm/Trimester 3/GPG210/19T1_GamesStudio1_Team1/Content/StarterContent/Blueprints/Assets/M_LightStage_Skybox_Master.uasset" 376
"../../../../../../Users/User/Desktop/SAE Qantm/Trimester 3/GPG210/19T1_GamesStudio1_Team1/Content/StarterContent/Blueprints/Assets/M_LightStage_Skybox_Black.uasset" 377
"../../../../../../Users/User/Desktop/SAE Qantm/Trimester 3/GPG210/19T1_GamesStudio1_Team1/Content/Audio/ExplosionTrapSound_Edited_Fix.uasset" 378
"../../../../../../Users/User/Desktop/SAE Qantm/Trimester 3/GPG210/19T1_GamesStudio1_Team1/Content/Audio/IceTrapAudio_Edited_Fix1.uasset" 379
"../../../../../../Users/User/Desktop/SAE Qantm/Trimester 3/GPG210/19T1_GamesStudio1_Team1/Content/BluePrints/UI/BPW_PlayerName.uasset" 380
"../../../../../../Users/User/Desktop/SAE Qantm/Trimester 3/GPG210/19T1_GamesStudio1_Team1/Content/BluePrints/Player/BP_Player.uasset" 381
"../../../../../../Users/User/Desktop/SAE Qantm/Trimester 3/GPG210/19T1_GamesStudio1_Team1/Content/BluePrints/UI/ConflictBattles/BPW_PromptPlayerConflict.uasset" 382
"../../../../../../Users/User/Desktop/SAE Qantm/Trimester 3/GPG210/19T1_GamesStudio1_Team1/Content/BluePrints/UI/BPW_ZoomInActionCard.uasset" 383
"../../../../../../Users/User/Desktop/SAE Qantm/Trimester 3/GPG210/19T1_GamesStudio1_Team1/Content/BluePrints/UI/BPW_ZoomInMoveCard.uasset" 384
"../../../../../../Users/User/Desktop/SAE Qantm/Trimester 3/GPG210/19T1_GamesStudio1_Team1/Content/Audio/Gem_Crack.uasset" 385
"../../../../../../Users/User/Desktop/SAE Qantm/Trimester 3/GPG210/19T1_GamesStudio1_Team1/Content/Audio/Race_Sound/Dwarf_new.uasset" 386
"../../../../../../Users/User/Desktop/SAE Qantm/Trimester 3/GPG210/19T1_GamesStudio1_Team1/Content/Audio/Race_Sound/Elf_new.uasset" 387
"../../../../../../Users/User/Desktop/SAE Qantm/Trimester 3/GPG210/19T1_GamesStudio1_Team1/Content/Audio/Race_Sound/Goblin_new.uasset" 388
"../../../../../../Users/User/Desktop/SAE Qantm/Trimester 3/GPG210/19T1_GamesStudio1_Team1/Content/Audio/Race_Sound/Mage_new.uasset" 389
"../../../../../../Users/User/Desktop/SAE Qantm/Trimester 3/GPG210/19T1_GamesStudio1_Team1/Content/Audio/Race_Sound/Orc_new.uasset" 390
"../../../../../../Users/User/Desktop/SAE Qantm/Trimester 3/GPG210/19T1_GamesStudio1_Team1/Content/Audio/Race_Sound/Undead_v4.uasset" 391
"../../../../../../Users/User/Desktop/SAE Qantm/Trimester 3/GPG210/19T1_GamesStudio1_Team1/Content/Images/Amount_of_Players.uasset" 392
"../../../../../../Users/User/Desktop/SAE Qantm/Trimester 3/GPG210/19T1_GamesStudio1_Team1/Content/Images/Buttons/BackButton.uasset" 393
"../../../../../../Users/User/Desktop/SAE Qantm/Trimester 3/GPG210/19T1_GamesStudio1_Team1/Content/Images/Buttons/button_3.uasset" 394
"../../../../../../Users/User/Desktop/SAE Qantm/Trimester 3/GPG210/19T1_GamesStudio1_Team1/Content/Images/Buttons/button_4.uasset" 395
"../../../../../../Users/User/Desktop/SAE Qantm/Trimester 3/GPG210/19T1_GamesStudio1_Team1/Content/Images/Buttons/button_5.uasset" 396
"../../../../../../Users/User/Desktop/SAE Qantm/Trimester 3/GPG210/19T1_GamesStudio1_Team1/Content/Images/Buttons/button_6.uasset" 397
"../../../../../../Users/User/Desktop/SAE Qantm/Trimester 3/GPG210/19T1_GamesStudio1_Team1/Content/Images/Buttons/Hero_Buttons/ButtonDwarf.uasset" 398
"../../../../../../Users/User/Desktop/SAE Qantm/Trimester 3/GPG210/19T1_GamesStudio1_Team1/Content/Images/Buttons/Hero_Buttons/ButtonElf.uasset" 399
"../../../../../../Users/User/Desktop/SAE Qantm/Trimester 3/GPG210/19T1_GamesStudio1_Team1/Content/Images/Buttons/Hero_Buttons/ButtonGoblin.uasset" 400
"../../../../../../Users/User/Desktop/SAE Qantm/Trimester 3/GPG210/19T1_GamesStudio1_Team1/Content/Images/Buttons/Hero_Buttons/ButtonMage_v2.uasset" 401
"../../../../../../Users/User/Desktop/SAE Qantm/Trimester 3/GPG210/19T1_GamesStudio1_Team1/Content/Images/Buttons/Hero_Buttons/ButtonOrc.uasset" 402
"../../../../../../Users/User/Desktop/SAE Qantm/Trimester 3/GPG210/19T1_GamesStudio1_Team1/Content/Images/Buttons/Hero_Buttons/ButtonUndead.uasset" 403
"../../../../../../Users/User/Desktop/SAE Qantm/Trimester 3/GPG210/19T1_GamesStudio1_Team1/Content/Images/Buttons/Instructions.uasset" 404
"../../../../../../Users/User/Desktop/SAE Qantm/Trimester 3/GPG210/19T1_GamesStudio1_Team1/Content/Images/Buttons/Quit.uasset" 405
"../../../../../../Users/User/Desktop/SAE Qantm/Trimester 3/GPG210/19T1_GamesStudio1_Team1/Content/Images/Buttons/Start.uasset" 406
"../../../../../../Users/User/Desktop/SAE Qantm/Trimester 3/GPG210/19T1_GamesStudio1_Team1/Content/Images/Instructions.uasset" 407
"../../../../../../Users/User/Desktop/SAE Qantm/Trimester 3/GPG210/19T1_GamesStudio1_Team1/Content/Images/Menu_Background.uasset" 408
"../../../../../../Users/User/Desktop/SAE Qantm/Trimester 3/GPG210/19T1_GamesStudio1_Team1/Content/Images/PlayerNameInput.uasset" 409
"../../../../../../Users/User/Desktop/SAE Qantm/Trimester 3/GPG210/19T1_GamesStudio1_Team1/Content/Images/Select_Hero_v2.uasset" 410
"../../../../../../Users/User/Desktop/SAE Qantm/Trimester 3/GPG210/19T1_GamesStudio1_Team1/Content/Instructions/rules_pic1_PNG.uasset" 411
"../../../../../../Users/User/Desktop/SAE Qantm/Trimester 3/GPG210/19T1_GamesStudio1_Team1/Content/Instructions/rules_pic2_PNG.uasset" 412
"../../../../../../Users/User/Desktop/SAE Qantm/Trimester 3/GPG210/19T1_GamesStudio1_Team1/Content/Instructions/rules_pic3_PNG.uasset" 413
"../../../../../../Users/User/Desktop/SAE Qantm/Trimester 3/GPG210/19T1_GamesStudio1_Team1/Content/Instructions/rules_pic4_PNG.uasset" 414
"../../../../../../Users/User/Desktop/SAE Qantm/Trimester 3/GPG210/19T1_GamesStudio1_Team1/Content/Instructions/rules_pic5_PNG.uasset" 415
"../../../../../../Users/User/Desktop/SAE Qantm/Trimester 3/GPG210/19T1_GamesStudio1_Team1/Content/Instructions/rules_pic6_PNG.uasset" 416
"../../../../../../Users/User/Desktop/SAE Qantm/Trimester 3/GPG210/19T1_GamesStudio1_Team1/Content/Instructions/rules_pic7_PNG.uasset" 417
"../../../../../../Users/User/Desktop/SAE Qantm/Trimester 3/GPG210/19T1_GamesStudio1_Team1/Content/BluePrints/UI/MainMenu/BPW_MainMenu_CS.uasset" 418
"../../../../../../Users/User/Desktop/SAE Qantm/Trimester 3/GPG210/19T1_GamesStudio1_Team1/Content/Audio/AbilityButtonSound_Fix.uasset" 419
"../../../../../../Users/User/Desktop/SAE Qantm/Trimester 3/GPG210/19T1_GamesStudio1_Team1/Content/Images/Buttons/PauseButton_Hover.uasset" 420
"../../../../../../Users/User/Desktop/SAE Qantm/Trimester 3/GPG210/19T1_GamesStudio1_Team1/Content/Images/Buttons/PauseButton_Normal.uasset" 421
"../../../../../../Users/User/Desktop/SAE Qantm/Trimester 3/GPG210/19T1_GamesStudio1_Team1/Content/Images/Buttons/PauseButton_Pressed.uasset" 422
"../../../../../../Users/User/Desktop/SAE Qantm/Trimester 3/GPG210/19T1_GamesStudio1_Team1/Content/Images/help_menu.uasset" 423
"../../../../../../Users/User/Desktop/SAE Qantm/Trimester 3/GPG210/19T1_GamesStudio1_Team1/Content/Images/PauseMenu.uasset" 424
"../../../../../../Users/User/Desktop/SAE Qantm/Trimester 3/GPG210/19T1_GamesStudio1_Team1/Content/BluePrints/UI/BPW_Pause.uasset" 425
"../../../../../../Users/User/Desktop/SAE Qantm/Trimester 3/GPG210/19T1_GamesStudio1_Team1/Content/BluePrints/BP_HUD.uasset" 426
"../../../../../../Users/User/Desktop/SAE Qantm/Trimester 3/GPG210/19T1_GamesStudio1_Team1/Content/BluePrints/Cards/Conflict/BPW_ConflictCardInside.uasset" 427
"../../../../../../Users/User/Desktop/SAE Qantm/Trimester 3/GPG210/19T1_GamesStudio1_Team1/Content/BluePrints/Cards/Conflict/BPW_ConflictCardBack.uasset" 428
"../../../../../../Users/User/Desktop/SAE Qantm/Trimester 3/GPG210/19T1_GamesStudio1_Team1/Content/BluePrints/Cards/Conflict/BP_ConflictCard.uasset" 429
"../../../../../../Users/User/Desktop/SAE Qantm/Trimester 3/GPG210/19T1_GamesStudio1_Team1/Content/BluePrints/Cards/Conflict/BP_conflictSpawnPoint.uasset" 430
"../../../../../../Users/User/Desktop/SAE Qantm/Trimester 3/GPG210/19T1_GamesStudio1_Team1/Content/BluePrints/Cards/Mystery/BP_mysterySpawnPoint.uasset" 431
"../../../Engine/Content/EngineSky/C_Sky_Cloud_Color.uasset" 432
"../../../Engine/Content/EngineSky/C_Sky_Horizon_Color.uasset" 433
"../../../Engine/Content/EngineSky/C_Sky_Zenith_Color.uasset" 434
"../../../Engine/Content/EngineSky/T_Sky_Blue.uasset" 435
"../../../Engine/Content/EngineSky/T_Sky_Clouds_M.uasset" 436
"../../../Engine/Content/EngineSky/T_Sky_Stars.uasset" 437
"../../../Engine/Content/EngineSky/M_Sky_Panning_Clouds2.uasset" 438
"../../../Engine/Content/EngineSky/SM_SkySphere.uasset" 439
"../../../Engine/Content/EngineSky/BP_Sky_Sphere.uasset" 440
"../../../../../../Users/User/Desktop/SAE Qantm/Trimester 3/GPG210/19T1_GamesStudio1_Team1/Content/Maps/AM_BoardGame_BuiltData.uasset" 441
"../../../Engine/Content/MapTemplates/SM_Template_Map_Floor.uasset" 442
"../../../../../../Users/User/Desktop/SAE Qantm/Trimester 3/GPG210/19T1_GamesStudio1_Team1/Content/Maps/AM_BoardGame.umap" 443
"../../../../../../Users/User/Desktop/SAE Qantm/Trimester 3/GPG210/19T1_GamesStudio1_Team1/Content/Maps/AM_BoardGame1_BuiltData.uasset" 444
"../../../../../../Users/User/Desktop/SAE Qantm/Trimester 3/GPG210/19T1_GamesStudio1_Team1/Content/Maps/AM_BoardGame1.umap" 445
"../../../../../../Users/User/Desktop/SAE Qantm/Trimester 3/GPG210/19T1_GamesStudio1_Team1/Content/Maps/AM_BoardGame2_BuiltData.uasset" 446
"../../../../../../Users/User/Desktop/SAE Qantm/Trimester 3/GPG210/19T1_GamesStudio1_Team1/Content/Maps/AM_BoardGame2.umap" 447
"../../../../../../Users/User/Desktop/SAE Qantm/Trimester 3/GPG210/19T1_GamesStudio1_Team1/Content/Maps/AM_BoardGame3_BuiltData.uasset" 448
"../../../../../../Users/User/Desktop/SAE Qantm/Trimester 3/GPG210/19T1_GamesStudio1_Team1/Content/StarterContent/Architecture/Floor_400x400.uasset" 449
"../../../../../../Users/User/Desktop/SAE Qantm/Trimester 3/GPG210/19T1_GamesStudio1_Team1/Content/Maps/AM_BoardGame3.umap" 450
"../../../../../../Users/User/Desktop/SAE Qantm/Trimester 3/GPG210/19T1_GamesStudio1_Team1/Content/Maps/BoardGame_CS_BuiltData.uasset" 451
"../../../../../../Users/User/Desktop/SAE Qantm/Trimester 3/GPG210/19T1_GamesStudio1_Team1/Content/Maps/BoardGame_CS.umap" 452
"../../../../../../Users/User/Desktop/SAE Qantm/Trimester 3/GPG210/19T1_GamesStudio1_Team1/Content/Maps/CS_BoardGameTestingBLuePrints.umap" 453
"../../../../../../Users/User/Desktop/SAE Qantm/Trimester 3/GPG210/19T1_GamesStudio1_Team1/Content/Whisper_goal.uasset" 454
"../../../Engine/Content/BasicShapes/BasicShapeMaterial.uasset" 455
"../../../../../../Users/User/Desktop/SAE Qantm/Trimester 3/GPG210/19T1_GamesStudio1_Team1/Content/BluePrints/Whisper_Controller.uasset" 456
"../../../../../../Users/User/Desktop/SAE Qantm/Trimester 3/GPG210/19T1_GamesStudio1_Team1/Content/Models/Characters/Elf_Chara/Ver4/ElfModelUnwrap03.uasset" 457
"../../../../../../Users/User/Desktop/SAE Qantm/Trimester 3/GPG210/19T1_GamesStudio1_Team1/Content/Models/Characters/Elf_Chara/Ver4/Elf.uasset" 458
"../../../../../../Users/User/Desktop/SAE Qantm/Trimester 3/GPG210/19T1_GamesStudio1_Team1/Content/Models/Characters/Elf_Chara/Ver4/pCube1.uasset" 459
"../../../../../../Users/User/Desktop/SAE Qantm/Trimester 3/GPG210/19T1_GamesStudio1_Team1/Content/Models/Characters/Elf_Chara/Ver4/FbxScene_ElfModelGameReady4.uasset" 460
"../../../../../../Users/User/Desktop/SAE Qantm/Trimester 3/GPG210/19T1_GamesStudio1_Team1/Content/Maps/JB_BoardGame_BuiltData.uasset" 461
"../../../../../../Users/User/Desktop/SAE Qantm/Trimester 3/GPG210/19T1_GamesStudio1_Team1/Content/StarterContent/Textures/T_Wood_Oak_D.uasset" 462
"../../../../../../Users/User/Desktop/SAE Qantm/Trimester 3/GPG210/19T1_GamesStudio1_Team1/Content/StarterContent/Textures/T_Wood_Oak_N.uasset" 463
"../../../../../../Users/User/Desktop/SAE Qantm/Trimester 3/GPG210/19T1_GamesStudio1_Team1/Content/StarterContent/Materials/M_Wood_Oak.uasset" 464
"../../../../../../Users/User/Desktop/SAE Qantm/Trimester 3/GPG210/19T1_GamesStudio1_Team1/Content/Audio/IceBackgroundAudio_Edited_Fix.uasset" 465
"../../../../../../Users/User/Desktop/SAE Qantm/Trimester 3/GPG210/19T1_GamesStudio1_Team1/Content/Audio/Whisper_Fade.uasset" 466
"../../../../../../Users/User/Desktop/SAE Qantm/Trimester 3/GPG210/19T1_GamesStudio1_Team1/Content/Audio/Whispering.uasset" 467
"../../../../../../Users/User/Desktop/SAE Qantm/Trimester 3/GPG210/19T1_GamesStudio1_Team1/Content/Models/Ability/T_AbilityTIle.uasset" 468
"../../../../../../Users/User/Desktop/SAE Qantm/Trimester 3/GPG210/19T1_GamesStudio1_Team1/Content/Models/Ability/lambert4.uasset" 469
"../../../../../../Users/User/Desktop/SAE Qantm/Trimester 3/GPG210/19T1_GamesStudio1_Team1/Content/Models/Ability/Ability_Tile_pCube4.uasset" 470
"../../../../../../Users/User/Desktop/SAE Qantm/Trimester 3/GPG210/19T1_GamesStudio1_Team1/Content/Models/AbilityS/T_AbilitySTile.uasset" 471
"../../../../../../Users/User/Desktop/SAE Qantm/Trimester 3/GPG210/19T1_GamesStudio1_Team1/Content/Models/AbilityS/lambert3.uasset" 472
"../../../../../../Users/User/Desktop/SAE Qantm/Trimester 3/GPG210/19T1_GamesStudio1_Team1/Content/Models/AbilityS/AbilityS_TIle_pCube4.uasset" 473
"../../../../../../Users/User/Desktop/SAE Qantm/Trimester 3/GPG210/19T1_GamesStudio1_Team1/Content/Models/Board/Game_Board_No_tiles.uasset" 474
"../../../../../../Users/User/Desktop/SAE Qantm/Trimester 3/GPG210/19T1_GamesStudio1_Team1/Content/Models/Board/lambert1.uasset" 475
"../../../../../../Users/User/Desktop/SAE Qantm/Trimester 3/GPG210/19T1_GamesStudio1_Team1/Content/Models/Board/Game_Board.uasset" 476
"../../../../../../Users/User/Desktop/SAE Qantm/Trimester 3/GPG210/19T1_GamesStudio1_Team1/Content/Models/Conflict/T_ConflictTile.uasset" 477
"../../../../../../Users/User/Desktop/SAE Qantm/Trimester 3/GPG210/19T1_GamesStudio1_Team1/Content/Models/Conflict/lambert4.uasset" 478
"../../../../../../Users/User/Desktop/SAE Qantm/Trimester 3/GPG210/19T1_GamesStudio1_Team1/Content/Models/Conflict/Conflict_Tile_pCube4.uasset" 479
"../../../../../../Users/User/Desktop/SAE Qantm/Trimester 3/GPG210/19T1_GamesStudio1_Team1/Content/Models/rock_texture_new.uasset" 480
"../../../../../../Users/User/Desktop/SAE Qantm/Trimester 3/GPG210/19T1_GamesStudio1_Team1/Content/Models/lambert1.uasset" 481
"../../../../../../Users/User/Desktop/SAE Qantm/Trimester 3/GPG210/19T1_GamesStudio1_Team1/Content/Models/Environment_Rock_FBX.uasset" 482
"../../../../../../Users/User/Desktop/SAE Qantm/Trimester 3/GPG210/19T1_GamesStudio1_Team1/Content/Models/Minus1/T_Minus1hole.uasset" 483
"../../../../../../Users/User/Desktop/SAE Qantm/Trimester 3/GPG210/19T1_GamesStudio1_Team1/Content/Models/Minus1/lambert3.uasset" 484
"../../../../../../Users/User/Desktop/SAE Qantm/Trimester 3/GPG210/19T1_GamesStudio1_Team1/Content/Models/Minus1/Minus1Hole_TIle_pCube4.uasset" 485
"../../../../../../Users/User/Desktop/SAE Qantm/Trimester 3/GPG210/19T1_GamesStudio1_Team1/Content/Models/Minus2/T_Minus2hole.uasset" 486
"../../../../../../Users/User/Desktop/SAE Qantm/Trimester 3/GPG210/19T1_GamesStudio1_Team1/Content/Models/Minus2/lambert3.uasset" 487
"../../../../../../Users/User/Desktop/SAE Qantm/Trimester 3/GPG210/19T1_GamesStudio1_Team1/Content/Models/Minus2/Minus2Hole_pCube4.uasset" 488
"../../../../../../Users/User/Desktop/SAE Qantm/Trimester 3/GPG210/19T1_GamesStudio1_Team1/Content/Models/Mystery/T_MysteryTile.uasset" 489
"../../../../../../Users/User/Desktop/SAE Qantm/Trimester 3/GPG210/19T1_GamesStudio1_Team1/Content/Models/Mystery/lambert1.uasset" 490
"../../../../../../Users/User/Desktop/SAE Qantm/Trimester 3/GPG210/19T1_GamesStudio1_Team1/Content/Models/Mystery/Mystery_Tile_pCube4.uasset" 491
"../../../../../../Users/User/Desktop/SAE Qantm/Trimester 3/GPG210/19T1_GamesStudio1_Team1/Content/Models/Sustain/T_SustainTile.uasset" 492
"../../../../../../Users/User/Desktop/SAE Qantm/Trimester 3/GPG210/19T1_GamesStudio1_Team1/Content/Models/Sustain/lambert5.uasset" 493
"../../../../../../Users/User/Desktop/SAE Qantm/Trimester 3/GPG210/19T1_GamesStudio1_Team1/Content/Models/Sustain/Sustain_Tile_pCube4.uasset" 494
"../../../../../../Users/User/Desktop/SAE Qantm/Trimester 3/GPG210/19T1_GamesStudio1_Team1/Content/Maps/JB_BoardGame.umap" 495
"../../../../../../Users/User/Desktop/SAE Qantm/Trimester 3/GPG210/19T1_GamesStudio1_Team1/Content/Maps/JB_BoardGame_BACKUP_BuiltData.uasset" 496
"../../../../../../Users/User/Desktop/SAE Qantm/Trimester 3/GPG210/19T1_GamesStudio1_Team1/Content/Maps/JB_BoardGame_BACKUP.umap" 497
"../../../../../../Users/User/Desktop/SAE Qantm/Trimester 3/GPG210/19T1_GamesStudio1_Team1/Content/Maps/MainMenu_CS.umap" 498
"../../../../../../Users/User/Desktop/SAE Qantm/Trimester 3/GPG210/19T1_GamesStudio1_Team1/Content/StarterContent/Blueprints/Assets/FogBrightnessLUT.uasset" 499
"../../../../../../Users/User/Desktop/SAE Qantm/Trimester 3/GPG210/19T1_GamesStudio1_Team1/Content/StarterContent/Blueprints/Assets/SunlightColorLUT.uasset" 500
"../../../../../../Users/User/Desktop/SAE Qantm/Trimester 3/GPG210/19T1_GamesStudio1_Team1/Content/StarterContent/Blueprints/Assets/M_LightStage_Arrows.uasset" 501
"../../../../../../Users/User/Desktop/SAE Qantm/Trimester 3/GPG210/19T1_GamesStudio1_Team1/Content/StarterContent/Blueprints/Assets/M_LightStage_Skybox_HDRI.uasset" 502
"../../../Engine/Content/EditorMaterials/Thumbnails/SkySphereMaterial.uasset" 503
"../../../../../../Users/User/Desktop/SAE Qantm/Trimester 3/GPG210/19T1_GamesStudio1_Team1/Content/StarterContent/Blueprints/Assets/Skybox.uasset" 504
"../../../../../../Users/User/Desktop/SAE Qantm/Trimester 3/GPG210/19T1_GamesStudio1_Team1/Content/StarterContent/Blueprints/Assets/SM_Arrows.uasset" 505
"../../../../../../Users/User/Desktop/SAE Qantm/Trimester 3/GPG210/19T1_GamesStudio1_Team1/Content/StarterContent/HDRI/HDRI_Epic_Courtyard_Daylight.uasset" 506
"../../../../../../Users/User/Desktop/SAE Qantm/Trimester 3/GPG210/19T1_GamesStudio1_Team1/Content/StarterContent/Blueprints/BP_LightStudio.uasset" 507
"../../../../../../Users/User/Desktop/SAE Qantm/Trimester 3/GPG210/19T1_GamesStudio1_Team1/Content/StarterContent/Maps/Advanced_Lighting_BuiltData.uasset" 508
"../../../../../../Users/User/Desktop/SAE Qantm/Trimester 3/GPG210/19T1_GamesStudio1_Team1/Content/StarterContent/Materials/M_AssetPlatform.uasset" 509
"../../../Engine/Content/EditorMeshes/ColorCalibrator/M_ChromeBall.uasset" 510
"../../../Engine/Content/EditorMeshes/ColorCalibrator/M_ClearCoat.uasset" 511
"../../../Engine/Content/EditorMeshes/ColorCalibrator/M_ClearCoatBlack.uasset" 512
"../../../Engine/Content/EditorMeshes/ColorCalibrator/Color_checker.uasset" 513
"../../../Engine/Content/EditorMeshes/ColorCalibrator/M_ColorGrid.uasset" 514
"../../../Engine/Content/EditorMeshes/ColorCalibrator/M_GreyBall.uasset" 515
"../../../Engine/Content/EditorMeshes/ColorCalibrator/SM_ColorCalibrator.uasset" 516
"../../../../../../Users/User/Desktop/SAE Qantm/Trimester 3/GPG210/19T1_GamesStudio1_Team1/Content/StarterContent/Architecture/SM_AssetPlatform.uasset" 517
"../../../../../../Users/User/Desktop/SAE Qantm/Trimester 3/GPG210/19T1_GamesStudio1_Team1/Content/StarterContent/Maps/Advanced_Lighting.umap" 518
"../../../../../../Users/User/Desktop/SAE Qantm/Trimester 3/GPG210/19T1_GamesStudio1_Team1/Content/StarterContent/Maps/Minimal_Default_BuiltData.uasset" 519
"../../../../../../Users/User/Desktop/SAE Qantm/Trimester 3/GPG210/19T1_GamesStudio1_Team1/Content/StarterContent/Materials/M_Metal_Brushed_Nickel.uasset" 520
"../../../../../../Users/User/Desktop/SAE Qantm/Trimester 3/GPG210/19T1_GamesStudio1_Team1/Content/StarterContent/Textures/T_Metal_Aluminum_D.uasset" 521
"../../../../../../Users/User/Desktop/SAE Qantm/Trimester 3/GPG210/19T1_GamesStudio1_Team1/Content/StarterContent/Textures/T_Metal_Gold_N.uasset" 522
"../../../../../../Users/User/Desktop/SAE Qantm/Trimester 3/GPG210/19T1_GamesStudio1_Team1/Content/StarterContent/Materials/M_Metal_Burnished_Steel.uasset" 523
"../../../../../../Users/User/Desktop/SAE Qantm/Trimester 3/GPG210/19T1_GamesStudio1_Team1/Content/StarterContent/Textures/T_Metal_Copper_D.uasset" 524
"../../../../../../Users/User/Desktop/SAE Qantm/Trimester 3/GPG210/19T1_GamesStudio1_Team1/Content/StarterContent/Materials/M_Metal_Copper.uasset" 525
"../../../../../../Users/User/Desktop/SAE Qantm/Trimester 3/GPG210/19T1_GamesStudio1_Team1/Content/StarterContent/Textures/T_Statue_M.uasset" 526
"../../../../../../Users/User/Desktop/SAE Qantm/Trimester 3/GPG210/19T1_GamesStudio1_Team1/Content/StarterContent/Textures/T_Statue_N.uasset" 527
"../../../../../../Users/User/Desktop/SAE Qantm/Trimester 3/GPG210/19T1_GamesStudio1_Team1/Content/StarterContent/Props/Materials/M_StatueGlass.uasset" 528
"../../../../../../Users/User/Desktop/SAE Qantm/Trimester 3/GPG210/19T1_GamesStudio1_Team1/Content/StarterContent/Audio/Starter_Background_Cue.uasset" 529
"../../../../../../Users/User/Desktop/SAE Qantm/Trimester 3/GPG210/19T1_GamesStudio1_Team1/Content/StarterContent/Props/SM_Chair.uasset" 530
"../../../../../../Users/User/Desktop/SAE Qantm/Trimester 3/GPG210/19T1_GamesStudio1_Team1/Content/StarterContent/Props/Materials/M_Statue.uasset" 531
"../../../../../../Users/User/Desktop/SAE Qantm/Trimester 3/GPG210/19T1_GamesStudio1_Team1/Content/StarterContent/Props/SM_Statue.uasset" 532
"../../../../../../Users/User/Desktop/SAE Qantm/Trimester 3/GPG210/19T1_GamesStudio1_Team1/Content/StarterContent/Textures/T_TableRound_M.uasset" 533
"../../../../../../Users/User/Desktop/SAE Qantm/Trimester 3/GPG210/19T1_GamesStudio1_Team1/Content/StarterContent/Textures/T_TableRound_N.uasset" 534
"../../../../../../Users/User/Desktop/SAE Qantm/Trimester 3/GPG210/19T1_GamesStudio1_Team1/Content/StarterContent/Props/Materials/M_TableRound.uasset" 535
"../../../../../../Users/User/Desktop/SAE Qantm/Trimester 3/GPG210/19T1_GamesStudio1_Team1/Content/StarterContent/Props/SM_TableRound.uasset" 536
"../../../../../../Users/User/Desktop/SAE Qantm/Trimester 3/GPG210/19T1_GamesStudio1_Team1/Content/StarterContent/Maps/Minimal_Default.umap" 537
"../../../../../../Users/User/Desktop/SAE Qantm/Trimester 3/GPG210/19T1_GamesStudio1_Team1/Content/StarterContent/Audio/Fire01_Cue.uasset" 538
"../../../../../../Users/User/Desktop/SAE Qantm/Trimester 3/GPG210/19T1_GamesStudio1_Team1/Content/StarterContent/Textures/T_Fire_SubUV.uasset" 539
"../../../../../../Users/User/Desktop/SAE Qantm/Trimester 3/GPG210/19T1_GamesStudio1_Team1/Content/StarterContent/Textures/T_Fire_Tiled_D.uasset" 540
"../../../../../../Users/User/Desktop/SAE Qantm/Trimester 3/GPG210/19T1_GamesStudio1_Team1/Content/StarterContent/Particles/Materials/M_Fire_SubUV.uasset" 541
"../../../../../../Users/User/Desktop/SAE Qantm/Trimester 3/GPG210/19T1_GamesStudio1_Team1/Content/StarterContent/Textures/T_Water_N.uasset" 542
"../../../../../../Users/User/Desktop/SAE Qantm/Trimester 3/GPG210/19T1_GamesStudio1_Team1/Content/StarterContent/Particles/Materials/M_Heat_Distortion.uasset" 543
"../../../../../../Users/User/Desktop/SAE Qantm/Trimester 3/GPG210/19T1_GamesStudio1_Team1/Content/StarterContent/Particles/Materials/M_Radial_Gradient.uasset" 544
"../../../../../../Users/User/Desktop/SAE Qantm/Trimester 3/GPG210/19T1_GamesStudio1_Team1/Content/StarterContent/Particles/P_Fire.uasset" 545
"../../../../../../Users/User/Desktop/SAE Qantm/Trimester 3/GPG210/19T1_GamesStudio1_Team1/Content/StarterContent/Blueprints/Blueprint_Effect_Fire.uasset" 546
"../../../../../../Users/User/Desktop/SAE Qantm/Trimester 3/GPG210/19T1_GamesStudio1_Team1/Content/StarterContent/Audio/Smoke01_Cue.uasset" 547
"../../../../../../Users/User/Desktop/SAE Qantm/Trimester 3/GPG210/19T1_GamesStudio1_Team1/Content/StarterContent/Particles/P_Smoke.uasset" 548
"../../../../../../Users/User/Desktop/SAE Qantm/Trimester 3/GPG210/19T1_GamesStudio1_Team1/Content/StarterContent/Blueprints/Blueprint_Effect_Smoke.uasset" 549
"../../../../../../Users/User/Desktop/SAE Qantm/Trimester 3/GPG210/19T1_GamesStudio1_Team1/Content/StarterContent/Audio/Fire_Sparks01_Cue.uasset" 550
"../../../../../../Users/User/Desktop/SAE Qantm/Trimester 3/GPG210/19T1_GamesStudio1_Team1/Content/StarterContent/Textures/T_Spark_Core.uasset" 551
"../../../../../../Users/User/Desktop/SAE Qantm/Trimester 3/GPG210/19T1_GamesStudio1_Team1/Content/StarterContent/Particles/Materials/M_Spark.uasset" 552
"../../../../../../Users/User/Desktop/SAE Qantm/Trimester 3/GPG210/19T1_GamesStudio1_Team1/Content/StarterContent/Particles/P_Sparks.uasset" 553
"../../../../../../Users/User/Desktop/SAE Qantm/Trimester 3/GPG210/19T1_GamesStudio1_Team1/Content/StarterContent/Blueprints/Blueprint_Effect_Sparks.uasset" 554
"../../../../../../Users/User/Desktop/SAE Qantm/Trimester 3/GPG210/19T1_GamesStudio1_Team1/Content/StarterContent/Audio/Steam01_Cue.uasset" 555
"../../../../../../Users/User/Desktop/SAE Qantm/Trimester 3/GPG210/19T1_GamesStudio1_Team1/Content/StarterContent/Particles/P_Steam_Lit.uasset" 556
"../../../../../../Users/User/Desktop/SAE Qantm/Trimester 3/GPG210/19T1_GamesStudio1_Team1/Content/StarterContent/Blueprints/Blueprint_Effect_Steam.uasset" 557
"../../../../../../Users/User/Desktop/SAE Qantm/Trimester 3/GPG210/19T1_GamesStudio1_Team1/Content/StarterContent/Textures/T_Lamp_M.uasset" 558
"../../../../../../Users/User/Desktop/SAE Qantm/Trimester 3/GPG210/19T1_GamesStudio1_Team1/Content/StarterContent/Textures/T_Lamp_N.uasset" 559
"../../../../../../Users/User/Desktop/SAE Qantm/Trimester 3/GPG210/19T1_GamesStudio1_Team1/Content/StarterContent/Props/Materials/M_Lamp.uasset" 560
"../../../../../../Users/User/Desktop/SAE Qantm/Trimester 3/GPG210/19T1_GamesStudio1_Team1/Content/StarterContent/Props/SM_Lamp_Ceiling.uasset" 561
"../../../../../../Users/User/Desktop/SAE Qantm/Trimester 3/GPG210/19T1_GamesStudio1_Team1/Content/StarterContent/Blueprints/Blueprint_CeilingLight.uasset" 562
"../../../../../../Users/User/Desktop/SAE Qantm/Trimester 3/GPG210/19T1_GamesStudio1_Team1/Content/StarterContent/Props/SM_Lamp_Wall.uasset" 563
"../../../../../../Users/User/Desktop/SAE Qantm/Trimester 3/GPG210/19T1_GamesStudio1_Team1/Content/StarterContent/Blueprints/Blueprint_WallSconce.uasset" 564
"../../../../../../Users/User/Desktop/SAE Qantm/Trimester 3/GPG210/19T1_GamesStudio1_Team1/Content/StarterContent/Maps/StarterMap_BuiltData.uasset" 565
"../../../Engine/Content/Functions/Engine_MaterialFunctions03/Procedurals/ComputeFilterWidth.uasset" 566
"../../../Engine/Content/EngineMaterials/AntiAliasedTextMaterialTranslucent.uasset" 567
"../../../../../../Users/User/Desktop/SAE Qantm/Trimester 3/GPG210/19T1_GamesStudio1_Team1/Content/StarterContent/Textures/T_Brick_Clay_Beveled_D.uasset" 568
"../../../../../../Users/User/Desktop/SAE Qantm/Trimester 3/GPG210/19T1_GamesStudio1_Team1/Content/StarterContent/Textures/T_Brick_Clay_Beveled_M.uasset" 569
"../../../../../../Users/User/Desktop/SAE Qantm/Trimester 3/GPG210/19T1_GamesStudio1_Team1/Content/StarterContent/Textures/T_Brick_Clay_Beveled_N.uasset" 570
"../../../../../../Users/User/Desktop/SAE Qantm/Trimester 3/GPG210/19T1_GamesStudio1_Team1/Content/StarterContent/Materials/M_Brick_Clay_Beveled.uasset" 571
"../../../../../../Users/User/Desktop/SAE Qantm/Trimester 3/GPG210/19T1_GamesStudio1_Team1/Content/StarterContent/Textures/T_Brick_Clay_Old_D.uasset" 572
"../../../../../../Users/User/Desktop/SAE Qantm/Trimester 3/GPG210/19T1_GamesStudio1_Team1/Content/StarterContent/Textures/T_Brick_Clay_Old_N.uasset" 573
"../../../../../../Users/User/Desktop/SAE Qantm/Trimester 3/GPG210/19T1_GamesStudio1_Team1/Content/StarterContent/Textures/T_Perlin_Noise_M.uasset" 574
"../../../../../../Users/User/Desktop/SAE Qantm/Trimester 3/GPG210/19T1_GamesStudio1_Team1/Content/StarterContent/Materials/M_Brick_Clay_Old.uasset" 575
"../../../../../../Users/User/Desktop/SAE Qantm/Trimester 3/GPG210/19T1_GamesStudio1_Team1/Content/StarterContent/Textures/T_Brick_Cut_Stone_D.uasset" 576
"../../../../../../Users/User/Desktop/SAE Qantm/Trimester 3/GPG210/19T1_GamesStudio1_Team1/Content/StarterContent/Textures/T_Brick_Cut_Stone_N.uasset" 577
"../../../../../../Users/User/Desktop/SAE Qantm/Trimester 3/GPG210/19T1_GamesStudio1_Team1/Content/StarterContent/Materials/M_Brick_Cut_Stone.uasset" 578
"../../../../../../Users/User/Desktop/SAE Qantm/Trimester 3/GPG210/19T1_GamesStudio1_Team1/Content/StarterContent/Textures/T_Brick_Hewn_Stone_D.uasset" 579
"../../../../../../Users/User/Desktop/SAE Qantm/Trimester 3/GPG210/19T1_GamesStudio1_Team1/Content/StarterContent/Textures/T_Brick_Hewn_Stone_M.uasset" 580
"../../../../../../Users/User/Desktop/SAE Qantm/Trimester 3/GPG210/19T1_GamesStudio1_Team1/Content/StarterContent/Textures/T_Brick_Hewn_Stone_N.uasset" 581
"../../../../../../Users/User/Desktop/SAE Qantm/Trimester 3/GPG210/19T1_GamesStudio1_Team1/Content/StarterContent/Materials/M_Brick_Hewn_Stone.uasset" 582
"../../../../../../Users/User/Desktop/SAE Qantm/Trimester 3/GPG210/19T1_GamesStudio1_Team1/Content/StarterContent/Textures/T_Ceramic_Tile_M.uasset" 583
"../../../../../../Users/User/Desktop/SAE Qantm/Trimester 3/GPG210/19T1_GamesStudio1_Team1/Content/StarterContent/Textures/T_Ceramic_Tile_N.uasset" 584
"../../../../../../Users/User/Desktop/SAE Qantm/Trimester 3/GPG210/19T1_GamesStudio1_Team1/Content/StarterContent/Textures/T_Rock_Marble_Polished_D.uasset" 585
"../../../../../../Users/User/Desktop/SAE Qantm/Trimester 3/GPG210/19T1_GamesStudio1_Team1/Content/StarterContent/Materials/M_Ceramic_Tile_Checker.uasset" 586
"../../../../../../Users/User/Desktop/SAE Qantm/Trimester 3/GPG210/19T1_GamesStudio1_Team1/Content/StarterContent/Textures/T_CobbleStone_Pebble_D.uasset" 587
"../../../../../../Users/User/Desktop/SAE Qantm/Trimester 3/GPG210/19T1_GamesStudio1_Team1/Content/StarterContent/Textures/T_CobbleStone_Pebble_M.uasset" 588
"../../../../../../Users/User/Desktop/SAE Qantm/Trimester 3/GPG210/19T1_GamesStudio1_Team1/Content/StarterContent/Textures/T_CobbleStone_Pebble_N.uasset" 589
"../../../../../../Users/User/Desktop/SAE Qantm/Trimester 3/GPG210/19T1_GamesStudio1_Team1/Content/StarterContent/Materials/M_CobbleStone_Pebble.uasset" 590
"../../../../../../Users/User/Desktop/SAE Qantm/Trimester 3/GPG210/19T1_GamesStudio1_Team1/Content/StarterContent/Textures/T_CobbleStone_Rough_D.uasset" 591
"../../../../../../Users/User/Desktop/SAE Qantm/Trimester 3/GPG210/19T1_GamesStudio1_Team1/Content/StarterContent/Textures/T_CobbleStone_Rough_N.uasset" 592
"../../../../../../Users/User/Desktop/SAE Qantm/Trimester 3/GPG210/19T1_GamesStudio1_Team1/Content/StarterContent/Textures/T_Gradinet_01.uasset" 593
"../../../../../../Users/User/Desktop/SAE Qantm/Trimester 3/GPG210/19T1_GamesStudio1_Team1/Content/StarterContent/Textures/T_Rock_Smooth_Granite_D.uasset" 594
"../../../../../../Users/User/Desktop/SAE Qantm/Trimester 3/GPG210/19T1_GamesStudio1_Team1/Content/StarterContent/Materials/M_CobbleStone_Rough.uasset" 595
"../../../../../../Users/User/Desktop/SAE Qantm/Trimester 3/GPG210/19T1_GamesStudio1_Team1/Content/StarterContent/Textures/T_CobbleStone_Smooth_D.uasset" 596
"../../../../../../Users/User/Desktop/SAE Qantm/Trimester 3/GPG210/19T1_GamesStudio1_Team1/Content/StarterContent/Textures/T_CobbleStone_Smooth_M.uasset" 597
"../../../../../../Users/User/Desktop/SAE Qantm/Trimester 3/GPG210/19T1_GamesStudio1_Team1/Content/StarterContent/Textures/T_CobbleStone_Smooth_N.uasset" 598
"../../../../../../Users/User/Desktop/SAE Qantm/Trimester 3/GPG210/19T1_GamesStudio1_Team1/Content/StarterContent/Materials/M_CobbleStone_Smooth.uasset" 599
"../../../../../../Users/User/Desktop/SAE Qantm/Trimester 3/GPG210/19T1_GamesStudio1_Team1/Content/StarterContent/Textures/T_Concrete_Grime_D.uasset" 600
"../../../../../../Users/User/Desktop/SAE Qantm/Trimester 3/GPG210/19T1_GamesStudio1_Team1/Content/StarterContent/Materials/M_Concrete_Grime.uasset" 601
"../../../../../../Users/User/Desktop/SAE Qantm/Trimester 3/GPG210/19T1_GamesStudio1_Team1/Content/StarterContent/Textures/T_Concrete_Panels_D.uasset" 602
"../../../../../../Users/User/Desktop/SAE Qantm/Trimester 3/GPG210/19T1_GamesStudio1_Team1/Content/StarterContent/Textures/T_Concrete_Panels_N.uasset" 603
"../../../../../../Users/User/Desktop/SAE Qantm/Trimester 3/GPG210/19T1_GamesStudio1_Team1/Content/StarterContent/Materials/M_Concrete_Panels.uasset" 604
"../../../../../../Users/User/Desktop/SAE Qantm/Trimester 3/GPG210/19T1_GamesStudio1_Team1/Content/StarterContent/Textures/T_Concrete_Poured_D.uasset" 605
"../../../../../../Users/User/Desktop/SAE Qantm/Trimester 3/GPG210/19T1_GamesStudio1_Team1/Content/StarterContent/Textures/T_Concrete_Poured_N.uasset" 606
"../../../../../../Users/User/Desktop/SAE Qantm/Trimester 3/GPG210/19T1_GamesStudio1_Team1/Content/StarterContent/Materials/M_Concrete_Poured.uasset" 607
"../../../../../../Users/User/Desktop/SAE Qantm/Trimester 3/GPG210/19T1_GamesStudio1_Team1/Content/StarterContent/Textures/T_Concrete_Tiles_D.uasset" 608
"../../../../../../Users/User/Desktop/SAE Qantm/Trimester 3/GPG210/19T1_GamesStudio1_Team1/Content/StarterContent/Textures/T_Concrete_Tiles_M.uasset" 609
"../../../../../../Users/User/Desktop/SAE Qantm/Trimester 3/GPG210/19T1_GamesStudio1_Team1/Content/StarterContent/Textures/T_Concrete_Tiles_N.uasset" 610
"../../../../../../Users/User/Desktop/SAE Qantm/Trimester 3/GPG210/19T1_GamesStudio1_Team1/Content/StarterContent/Textures/T_Concrete_Tiles_Variation_M.uasset" 611
"../../../../../../Users/User/Desktop/SAE Qantm/Trimester 3/GPG210/19T1_GamesStudio1_Team1/Content/StarterContent/Materials/M_Concrete_Tiles.uasset" 612
"../../../../../../Users/User/Desktop/SAE Qantm/Trimester 3/GPG210/19T1_GamesStudio1_Team1/Content/StarterContent/Textures/T_Ground_Grass_D.uasset" 613
"../../../../../../Users/User/Desktop/SAE Qantm/Trimester 3/GPG210/19T1_GamesStudio1_Team1/Content/StarterContent/Textures/T_Ground_Grass_N.uasset" 614
"../../../../../../Users/User/Desktop/SAE Qantm/Trimester 3/GPG210/19T1_GamesStudio1_Team1/Content/StarterContent/Materials/M_Ground_Grass.uasset" 615
"../../../../../../Users/User/Desktop/SAE Qantm/Trimester 3/GPG210/19T1_GamesStudio1_Team1/Content/StarterContent/Textures/T_Ground_Gravel_D.uasset" 616
"../../../../../../Users/User/Desktop/SAE Qantm/Trimester 3/GPG210/19T1_GamesStudio1_Team1/Content/StarterContent/Textures/T_Ground_Gravel_N.uasset" 617
"../../../../../../Users/User/Desktop/SAE Qantm/Trimester 3/GPG210/19T1_GamesStudio1_Team1/Content/StarterContent/Materials/M_Ground_Gravel.uasset" 618
"../../../../../../Users/User/Desktop/SAE Qantm/Trimester 3/GPG210/19T1_GamesStudio1_Team1/Content/StarterContent/Textures/T_ground_Moss_D.uasset" 619
"../../../../../../Users/User/Desktop/SAE Qantm/Trimester 3/GPG210/19T1_GamesStudio1_Team1/Content/StarterContent/Textures/T_Ground_Moss_N.uasset" 620
"../../../../../../Users/User/Desktop/SAE Qantm/Trimester 3/GPG210/19T1_GamesStudio1_Team1/Content/StarterContent/Materials/M_Ground_Moss.uasset" 621
"../../../../../../Users/User/Desktop/SAE Qantm/Trimester 3/GPG210/19T1_GamesStudio1_Team1/Content/StarterContent/Materials/M_Metal_Chrome.uasset" 622
"../../../../../../Users/User/Desktop/SAE Qantm/Trimester 3/GPG210/19T1_GamesStudio1_Team1/Content/StarterContent/Textures/T_Metal_Gold_D.uasset" 623
"../../../../../../Users/User/Desktop/SAE Qantm/Trimester 3/GPG210/19T1_GamesStudio1_Team1/Content/StarterContent/Materials/M_Metal_Gold.uasset" 624
"../../../../../../Users/User/Desktop/SAE Qantm/Trimester 3/GPG210/19T1_GamesStudio1_Team1/Content/StarterContent/Textures/T_Metal_Steel_D.uasset" 625
"../../../../../../Users/User/Desktop/SAE Qantm/Trimester 3/GPG210/19T1_GamesStudio1_Team1/Content/StarterContent/Textures/T_Metal_Steel_N.uasset" 626
"../../../../../../Users/User/Desktop/SAE Qantm/Trimester 3/GPG210/19T1_GamesStudio1_Team1/Content/StarterContent/Materials/M_Metal_Steel.uasset" 627
"../../../../../../Users/User/Desktop/SAE Qantm/Trimester 3/GPG210/19T1_GamesStudio1_Team1/Content/StarterContent/Textures/T_Rock_Basalt_N.uasset" 628
"../../../../../../Users/User/Desktop/SAE Qantm/Trimester 3/GPG210/19T1_GamesStudio1_Team1/Content/StarterContent/Materials/M_Rock_Basalt.uasset" 629
"../../../../../../Users/User/Desktop/SAE Qantm/Trimester 3/GPG210/19T1_GamesStudio1_Team1/Content/StarterContent/Materials/M_Rock_Marble_Polished.uasset" 630
"../../../../../../Users/User/Desktop/SAE Qantm/Trimester 3/GPG210/19T1_GamesStudio1_Team1/Content/StarterContent/Textures/T_Rock_Sandstone_D.uasset" 631
"../../../../../../Users/User/Desktop/SAE Qantm/Trimester 3/GPG210/19T1_GamesStudio1_Team1/Content/StarterContent/Textures/T_Rock_Sandstone_N.uasset" 632
"../../../../../../Users/User/Desktop/SAE Qantm/Trimester 3/GPG210/19T1_GamesStudio1_Team1/Content/StarterContent/Materials/M_Rock_Sandstone.uasset" 633
"../../../../../../Users/User/Desktop/SAE Qantm/Trimester 3/GPG210/19T1_GamesStudio1_Team1/Content/StarterContent/Textures/T_Rock_Slate_D.uasset" 634
"../../../../../../Users/User/Desktop/SAE Qantm/Trimester 3/GPG210/19T1_GamesStudio1_Team1/Content/StarterContent/Textures/T_Rock_Slate_N.uasset" 635
"../../../../../../Users/User/Desktop/SAE Qantm/Trimester 3/GPG210/19T1_GamesStudio1_Team1/Content/StarterContent/Materials/M_Rock_Slate.uasset" 636
"../../../../../../Users/User/Desktop/SAE Qantm/Trimester 3/GPG210/19T1_GamesStudio1_Team1/Content/StarterContent/Textures/T_Checker_Noise_M.uasset" 637
"../../../../../../Users/User/Desktop/SAE Qantm/Trimester 3/GPG210/19T1_GamesStudio1_Team1/Content/StarterContent/Textures/T_Single_Tile_N.uasset" 638
"../../../../../../Users/User/Desktop/SAE Qantm/Trimester 3/GPG210/19T1_GamesStudio1_Team1/Content/StarterContent/Textures/T_Tech_Dot_M.uasset" 639
"../../../../../../Users/User/Desktop/SAE Qantm/Trimester 3/GPG210/19T1_GamesStudio1_Team1/Content/StarterContent/Textures/T_Tech_Dot_N.uasset" 640
"../../../../../../Users/User/Desktop/SAE Qantm/Trimester 3/GPG210/19T1_GamesStudio1_Team1/Content/StarterContent/Materials/M_Tech_Checker_Dot.uasset" 641
"../../../../../../Users/User/Desktop/SAE Qantm/Trimester 3/GPG210/19T1_GamesStudio1_Team1/Content/StarterContent/Textures/T_Tech_Hex_Tile_M.uasset" 642
"../../../../../../Users/User/Desktop/SAE Qantm/Trimester 3/GPG210/19T1_GamesStudio1_Team1/Content/StarterContent/Textures/T_Tech_Hex_Tile_N.uasset" 643
"../../../../../../Users/User/Desktop/SAE Qantm/Trimester 3/GPG210/19T1_GamesStudio1_Team1/Content/StarterContent/Materials/M_Tech_Hex_Tile.uasset" 644
"../../../../../../Users/User/Desktop/SAE Qantm/Trimester 3/GPG210/19T1_GamesStudio1_Team1/Content/StarterContent/Materials/M_Tech_Hex_Tile_Pulse.uasset" 645
"../../../../../../Users/User/Desktop/SAE Qantm/Trimester 3/GPG210/19T1_GamesStudio1_Team1/Content/StarterContent/Textures/T_Tech_Panel_M.uasset" 646
"../../../../../../Users/User/Desktop/SAE Qantm/Trimester 3/GPG210/19T1_GamesStudio1_Team1/Content/StarterContent/Textures/T_Tech_Panel_N.uasset" 647
"../../../../../../Users/User/Desktop/SAE Qantm/Trimester 3/GPG210/19T1_GamesStudio1_Team1/Content/StarterContent/Materials/M_Tech_Panel.uasset" 648
"../../../../../../Users/User/Desktop/SAE Qantm/Trimester 3/GPG210/19T1_GamesStudio1_Team1/Content/StarterContent/Materials/M_Water_Lake.uasset" 649
"../../../../../../Users/User/Desktop/SAE Qantm/Trimester 3/GPG210/19T1_GamesStudio1_Team1/Content/StarterContent/Textures/T_Water_M.uasset" 650
"../../../../../../Users/User/Desktop/SAE Qantm/Trimester 3/GPG210/19T1_GamesStudio1_Team1/Content/StarterContent/Materials/M_Water_Ocean.uasset" 651
"../../../../../../Users/User/Desktop/SAE Qantm/Trimester 3/GPG210/19T1_GamesStudio1_Team1/Content/StarterContent/Textures/T_Wood_Floor_Walnut_D.uasset" 652
"../../../../../../Users/User/Desktop/SAE Qantm/Trimester 3/GPG210/19T1_GamesStudio1_Team1/Content/StarterContent/Textures/T_Wood_Floor_Walnut_M.uasset" 653
"../../../../../../Users/User/Desktop/SAE Qantm/Trimester 3/GPG210/19T1_GamesStudio1_Team1/Content/StarterContent/Textures/T_Wood_Floor_Walnut_N.uasset" 654
"../../../../../../Users/User/Desktop/SAE Qantm/Trimester 3/GPG210/19T1_GamesStudio1_Team1/Content/StarterContent/Materials/M_Wood_Floor_Walnut_Polished.uasset" 655
"../../../Engine/Content/Functions/Engine_MaterialFunctions01/Opacity/AlphaOffset.uasset" 656
"../../../../../../Users/User/Desktop/SAE Qantm/Trimester 3/GPG210/19T1_GamesStudio1_Team1/Content/StarterContent/Materials/M_Wood_Floor_Walnut_Worn.uasset" 657
"../../../../../../Users/User/Desktop/SAE Qantm/Trimester 3/GPG210/19T1_GamesStudio1_Team1/Content/StarterContent/Textures/T_Wood_Pine_D.uasset" 658
"../../../../../../Users/User/Desktop/SAE Qantm/Trimester 3/GPG210/19T1_GamesStudio1_Team1/Content/StarterContent/Textures/T_Wood_Pine_N.uasset" 659
"../../../../../../Users/User/Desktop/SAE Qantm/Trimester 3/GPG210/19T1_GamesStudio1_Team1/Content/StarterContent/Materials/M_Wood_Pine.uasset" 660
"../../../../../../Users/User/Desktop/SAE Qantm/Trimester 3/GPG210/19T1_GamesStudio1_Team1/Content/StarterContent/Textures/T_Wood_Walnut_D.uasset" 661
"../../../../../../Users/User/Desktop/SAE Qantm/Trimester 3/GPG210/19T1_GamesStudio1_Team1/Content/StarterContent/Textures/T_Wood_Walnut_N.uasset" 662
"../../../../../../Users/User/Desktop/SAE Qantm/Trimester 3/GPG210/19T1_GamesStudio1_Team1/Content/StarterContent/Materials/M_Wood_Walnut.uasset" 663
"../../../../../../Users/User/Desktop/SAE Qantm/Trimester 3/GPG210/19T1_GamesStudio1_Team1/Content/StarterContent/Architecture/Wall_400x200.uasset" 664
"../../../../../../Users/User/Desktop/SAE Qantm/Trimester 3/GPG210/19T1_GamesStudio1_Team1/Content/StarterContent/Architecture/Wall_Door_400x300.uasset" 665
"../../../../../../Users/User/Desktop/SAE Qantm/Trimester 3/GPG210/19T1_GamesStudio1_Team1/Content/StarterContent/Architecture/Wall_Window_400x300.uasset" 666
"../../../../../../Users/User/Desktop/SAE Qantm/Trimester 3/GPG210/19T1_GamesStudio1_Team1/Content/StarterContent/Audio/Collapse_Cue.uasset" 667
"../../../../../../Users/User/Desktop/SAE Qantm/Trimester 3/GPG210/19T1_GamesStudio1_Team1/Content/StarterContent/Audio/Starter_Music_Cue.uasset" 668
"../../../../../../Users/User/Desktop/SAE Qantm/Trimester 3/GPG210/19T1_GamesStudio1_Team1/Content/StarterContent/Textures/T_Dust_Particle_D.uasset" 669
"../../../../../../Users/User/Desktop/SAE Qantm/Trimester 3/GPG210/19T1_GamesStudio1_Team1/Content/StarterContent/Particles/Materials/M_Dust_Particle.uasset" 670
"../../../../../../Users/User/Desktop/SAE Qantm/Trimester 3/GPG210/19T1_GamesStudio1_Team1/Content/StarterContent/Particles/P_Ambient_Dust.uasset" 671
"../../../../../../Users/User/Desktop/SAE Qantm/Trimester 3/GPG210/19T1_GamesStudio1_Team1/Content/StarterContent/Props/MaterialSphere.uasset" 672
"../../../../../../Users/User/Desktop/SAE Qantm/Trimester 3/GPG210/19T1_GamesStudio1_Team1/Content/StarterContent/Textures/T_Frame_M.uasset" 673
"../../../../../../Users/User/Desktop/SAE Qantm/Trimester 3/GPG210/19T1_GamesStudio1_Team1/Content/StarterContent/Textures/T_Frame_N.uasset" 674
"../../../../../../Users/User/Desktop/SAE Qantm/Trimester 3/GPG210/19T1_GamesStudio1_Team1/Content/StarterContent/Props/Materials/M_Frame.uasset" 675
"../../../../../../Users/User/Desktop/SAE Qantm/Trimester 3/GPG210/19T1_GamesStudio1_Team1/Content/StarterContent/Props/SM_CornerFrame.uasset" 676
"../../../../../../Users/User/Desktop/SAE Qantm/Trimester 3/GPG210/19T1_GamesStudio1_Team1/Content/StarterContent/Props/SM_DoorFrame.uasset" 677
"../../../../../../Users/User/Desktop/SAE Qantm/Trimester 3/GPG210/19T1_GamesStudio1_Team1/Content/StarterContent/Props/SM_GlassWindow.uasset" 678
"../../../../../../Users/User/Desktop/SAE Qantm/Trimester 3/GPG210/19T1_GamesStudio1_Team1/Content/StarterContent/Props/SM_PillarFrame.uasset" 679
"../../../../../../Users/User/Desktop/SAE Qantm/Trimester 3/GPG210/19T1_GamesStudio1_Team1/Content/StarterContent/Props/SM_PillarFrame300.uasset" 680
"../../../../../../Users/User/Desktop/SAE Qantm/Trimester 3/GPG210/19T1_GamesStudio1_Team1/Content/StarterContent/Props/SM_WindowFrame.uasset" 681
"../../../../../../Users/User/Desktop/SAE Qantm/Trimester 3/GPG210/19T1_GamesStudio1_Team1/Content/StarterContent/Shapes/Shape_Cube.uasset" 682
"../../../../../../Users/User/Desktop/SAE Qantm/Trimester 3/GPG210/19T1_GamesStudio1_Team1/Content/StarterContent/Shapes/Shape_QuadPyramid.uasset" 683
"../../../../../../Users/User/Desktop/SAE Qantm/Trimester 3/GPG210/19T1_GamesStudio1_Team1/Content/StarterContent/Shapes/Shape_Sphere.uasset" 684
"../../../../../../Users/User/Desktop/SAE Qantm/Trimester 3/GPG210/19T1_GamesStudio1_Team1/Content/StarterContent/Maps/StarterMap.umap" 685
"../../../Engine/Content/Maps/Entry_BuiltData.uasset" 686
"../../../Engine/Content/Maps/Entry.umap" 687
